#
# There is insufficient memory for the Java Runtime Environment to continue.
# Native memory allocation (malloc) failed to allocate 956256 bytes for Chunk::new
# Possible reasons:
#   The system is out of physical RAM or swap space
#   The process is running with CompressedOops enabled, and the Java Heap may be blocking the growth of the native heap
# Possible solutions:
#   Reduce memory load on the system
#   Increase physical memory or swap space
#   Check if swap backing store is full
#   Decrease Java heap size (-Xmx/-Xms)
#   Decrease number of Java threads
#   Decrease Java thread stack sizes (-Xss)
#   Set larger code cache with -XX:ReservedCodeCacheSize=
#   JVM is running with Unscaled Compressed Oops mode in which the Java heap is
#     placed in the first 4GB address space. The Java Heap base address is the
#     maximum limit for the native heap growth. Please use -XX:HeapBaseMinAddress
#     to set the Java Heap base and to place the Java Heap above 4GB virtual address.
# This output file may be truncated or incomplete.
#
#  Out of Memory Error (allocation.cpp:389), pid=9640, tid=0x0000000000000830
#
# JRE version: Java(TM) SE Runtime Environment (8.0_261-b12) (build 1.8.0_261-b12)
# Java VM: Java HotSpot(TM) 64-Bit Server VM (25.261-b12 mixed mode windows-amd64 compressed oops)
# Failed to write core dump. Minidumps are not enabled by default on client versions of Windows
#

---------------  T H R E A D  ---------------

Current thread (0x0000018dd7dd3000):  JavaThread "C2 CompilerThread1" daemon [_thread_in_native, id=2096, stack(0x00000086d6e00000,0x00000086d6f00000)]

Stack: [0x00000086d6e00000,0x00000086d6f00000]
Native frames: (J=compiled Java code, j=interpreted, Vv=VM code, C=native code)
V  [jvm.dll+0x33e5f9]
V  [jvm.dll+0x2850e2]
V  [jvm.dll+0x285d8d]
V  [jvm.dll+0x27c895]
V  [jvm.dll+0xe4d6c]
V  [jvm.dll+0xe556c]
V  [jvm.dll+0x461812]
V  [jvm.dll+0x49cc3d]
V  [jvm.dll+0x4511ef]
V  [jvm.dll+0x44eb84]
V  [jvm.dll+0x439bc7]
V  [jvm.dll+0xbbbcb]
V  [jvm.dll+0xba22b]
V  [jvm.dll+0x24d962]
V  [jvm.dll+0x2a1cfc]
C  [ucrtbase.dll+0x214c2]
C  [KERNEL32.DLL+0x17034]
C  [ntdll.dll+0x4cec1]


Current CompileTask:
C2:   5227 3475       4       org.springframework.beans.factory.support.AbstractBeanFactory::isTypeMatch (607 bytes)


---------------  P R O C E S S  ---------------

Java Threads: ( => current thread )
  0x0000018dd9040800 JavaThread "surefire-forkedjvm-ping-30s" daemon [_thread_in_vm, id=2604, stack(0x00000086d7300000,0x00000086d7400000)]
  0x0000018dd8fcc800 JavaThread "surefire-forkedjvm-command-thread" daemon [_thread_in_native, id=6384, stack(0x00000086d7200000,0x00000086d7300000)]
  0x0000018dd7e5e000 JavaThread "Service Thread" daemon [_thread_blocked, id=6856, stack(0x00000086d7000000,0x00000086d7100000)]
  0x0000018dd7ddf000 JavaThread "C1 CompilerThread2" daemon [_thread_blocked, id=11420, stack(0x00000086d6f00000,0x00000086d7000000)]
=>0x0000018dd7dd3000 JavaThread "C2 CompilerThread1" daemon [_thread_in_native, id=2096, stack(0x00000086d6e00000,0x00000086d6f00000)]
  0x0000018dd7dd0800 JavaThread "C2 CompilerThread0" daemon [_thread_in_native, id=1844, stack(0x00000086d6d00000,0x00000086d6e00000)]
  0x0000018dd7ddb800 JavaThread "Attach Listener" daemon [_thread_blocked, id=11348, stack(0x00000086d6c00000,0x00000086d6d00000)]
  0x0000018dd7dda000 JavaThread "Signal Dispatcher" daemon [_thread_blocked, id=9348, stack(0x00000086d6b00000,0x00000086d6c00000)]
  0x0000018dd742b000 JavaThread "Finalizer" daemon [_thread_blocked, id=7928, stack(0x00000086d6a00000,0x00000086d6b00000)]
  0x0000018dd7db6800 JavaThread "Reference Handler" daemon [_thread_blocked, id=9124, stack(0x00000086d6900000,0x00000086d6a00000)]
  0x0000018dc18e1000 JavaThread "main" [_thread_in_Java, id=2364, stack(0x00000086d6100000,0x00000086d6200000)]

Other Threads:
  0x0000018dd7d95000 VMThread [stack: 0x00000086d6800000,0x00000086d6900000] [id=5572]
  0x0000018dd7e80800 WatcherThread [stack: 0x00000086d7100000,0x00000086d7200000] [id=9368]

VM state:not at safepoint (normal execution)

VM Mutex/Monitor currently owned by a thread: None

heap address: 0x0000000089e00000, size: 1890 MB, Compressed Oops mode: 32-bit
Narrow klass base: 0x0000000000000000, Narrow klass shift: 3
Compressed class space size: 1073741824 Address: 0x0000000100000000

Heap:
 PSYoungGen      total 166912K, used 7755K [0x00000000d8a00000, 0x00000000e7480000, 0x0000000100000000)
  eden space 153088K, 5% used [0x00000000d8a00000,0x00000000d9192f28,0x00000000e1f80000)
  from space 13824K, 0% used [0x00000000e1f80000,0x00000000e1f80000,0x00000000e2d00000)
  to   space 13312K, 0% used [0x00000000e6780000,0x00000000e6780000,0x00000000e7480000)
 ParOldGen       total 77824K, used 13007K [0x0000000089e00000, 0x000000008ea00000, 0x00000000d8a00000)
  object space 77824K, 16% used [0x0000000089e00000,0x000000008aab3e48,0x000000008ea00000)
 Metaspace       used 33521K, capacity 35507K, committed 35712K, reserved 1079296K
  class space    used 4503K, capacity 4874K, committed 4992K, reserved 1048576K

Card table byte_map: [0x0000018dd2620000,0x0000018dd29e0000] byte_map_base: 0x0000018dd21d1000

Marking Bits: (ParMarkBitMap*) 0x0000000055704fb0
 Begin Bits: [0x0000018dd2c60000, 0x0000018dd49e8000)
 End Bits:   [0x0000018dd49e8000, 0x0000018dd6770000)

Polling page: 0x0000018dc19f0000

CodeCache: size=245760Kb used=13004Kb max_used=13004Kb free=232755Kb
 bounds [0x0000018dc3260000, 0x0000018dc3f20000, 0x0000018dd2260000]
 total_blobs=3929 nmethods=3527 adapters=315
 compilation: enabled

Compilation events (10 events):
Event: 5.200 Thread 0x0000018dd7ddf000 nmethod 3540 0x0000018dc3f06610 code [0x0000018dc3f06820, 0x0000018dc3f07290]
Event: 5.200 Thread 0x0000018dd7ddf000 3539       3       org.springframework.core.MethodParameter::<init> (8 bytes)
Event: 5.201 Thread 0x0000018dd7ddf000 nmethod 3539 0x0000018dc3f07a90 code [0x0000018dc3f07cc0, 0x0000018dc3f08770]
Event: 5.201 Thread 0x0000018dd7ddf000 3544       3       org.springframework.beans.factory.annotation.AutowiredAnnotationBeanPostProcessor::lambda$buildAutowiringMetadata$2 (176 bytes)
Event: 5.203 Thread 0x0000018dd7ddf000 nmethod 3544 0x0000018dc3f090d0 code [0x0000018dc3f094e0, 0x0000018dc3f0bb30]
Event: 5.203 Thread 0x0000018dd7ddf000 3543       3       org.springframework.util.ClassUtils::isOverridable (61 bytes)
Event: 5.204 Thread 0x0000018dd7ddf000 nmethod 3543 0x0000018dc3f0ce50 code [0x0000018dc3f0d120, 0x0000018dc3f0e8b0]
Event: 5.204 Thread 0x0000018dd7ddf000 3545   !   3       com.sun.beans.finder.MethodFinder::findAccessibleMethod (116 bytes)
Event: 5.206 Thread 0x0000018dd7ddf000 nmethod 3545 0x0000018dc3f0f2d0 code [0x0000018dc3f0f600, 0x0000018dc3f10db0]
Event: 5.206 Thread 0x0000018dd7ddf000 3541       3       java.util.LinkedList::contains (15 bytes)

GC Heap History (10 events):
Event: 2.539 GC heap before
{Heap before GC invocations=7 (full 1):
 PSYoungGen      total 66560K, used 61400K [0x00000000d8a00000, 0x00000000e1100000, 0x0000000100000000)
  eden space 61440K, 99% used [0x00000000d8a00000,0x00000000dc5f6088,0x00000000dc600000)
  from space 5120K, 0% used [0x00000000dc600000,0x00000000dc600000,0x00000000dcb00000)
  to   space 7680K, 0% used [0x00000000e0980000,0x00000000e0980000,0x00000000e1100000)
 ParOldGen       total 52224K, used 6802K [0x0000000089e00000, 0x000000008d100000, 0x00000000d8a00000)
  object space 52224K, 13% used [0x0000000089e00000,0x000000008a4a4950,0x000000008d100000)
 Metaspace       used 21303K, capacity 22716K, committed 23040K, reserved 1069056K
  class space    used 2927K, capacity 3228K, committed 3328K, reserved 1048576K
Event: 2.543 GC heap after
Heap after GC invocations=7 (full 1):
 PSYoungGen      total 100864K, used 2276K [0x00000000d8a00000, 0x00000000e0c00000, 0x0000000100000000)
  eden space 98304K, 0% used [0x00000000d8a00000,0x00000000d8a00000,0x00000000dea00000)
  from space 2560K, 88% used [0x00000000e0980000,0x00000000e0bb9380,0x00000000e0c00000)
  to   space 8192K, 0% used [0x00000000dfc00000,0x00000000dfc00000,0x00000000e0400000)
 ParOldGen       total 52224K, used 6810K [0x0000000089e00000, 0x000000008d100000, 0x00000000d8a00000)
  object space 52224K, 13% used [0x0000000089e00000,0x000000008a4a6950,0x000000008d100000)
 Metaspace       used 21303K, capacity 22716K, committed 23040K, reserved 1069056K
  class space    used 2927K, capacity 3228K, committed 3328K, reserved 1048576K
}
Event: 3.367 GC heap before
{Heap before GC invocations=8 (full 1):
 PSYoungGen      total 100864K, used 100580K [0x00000000d8a00000, 0x00000000e0c00000, 0x0000000100000000)
  eden space 98304K, 100% used [0x00000000d8a00000,0x00000000dea00000,0x00000000dea00000)
  from space 2560K, 88% used [0x00000000e0980000,0x00000000e0bb9380,0x00000000e0c00000)
  to   space 8192K, 0% used [0x00000000dfc00000,0x00000000dfc00000,0x00000000e0400000)
 ParOldGen       total 52224K, used 6810K [0x0000000089e00000, 0x000000008d100000, 0x00000000d8a00000)
  object space 52224K, 13% used [0x0000000089e00000,0x000000008a4a6950,0x000000008d100000)
 Metaspace       used 27074K, capacity 28564K, committed 28800K, reserved 1075200K
  class space    used 3598K, capacity 3906K, committed 3968K, reserved 1048576K
Event: 3.379 GC heap after
Heap after GC invocations=8 (full 1):
 PSYoungGen      total 124928K, used 8186K [0x00000000d8a00000, 0x00000000e3800000, 0x0000000100000000)
  eden space 116736K, 0% used [0x00000000d8a00000,0x00000000d8a00000,0x00000000dfc00000)
  from space 8192K, 99% used [0x00000000dfc00000,0x00000000e03fea10,0x00000000e0400000)
  to   space 11264K, 0% used [0x00000000e2d00000,0x00000000e2d00000,0x00000000e3800000)
 ParOldGen       total 52224K, used 10706K [0x0000000089e00000, 0x000000008d100000, 0x00000000d8a00000)
  object space 52224K, 20% used [0x0000000089e00000,0x000000008a874a08,0x000000008d100000)
 Metaspace       used 27074K, capacity 28564K, committed 28800K, reserved 1075200K
  class space    used 3598K, capacity 3906K, committed 3968K, reserved 1048576K
}
Event: 4.785 GC heap before
{Heap before GC invocations=9 (full 1):
 PSYoungGen      total 124928K, used 124922K [0x00000000d8a00000, 0x00000000e3800000, 0x0000000100000000)
  eden space 116736K, 100% used [0x00000000d8a00000,0x00000000dfc00000,0x00000000dfc00000)
  from space 8192K, 99% used [0x00000000dfc00000,0x00000000e03fea10,0x00000000e0400000)
  to   space 11264K, 0% used [0x00000000e2d00000,0x00000000e2d00000,0x00000000e3800000)
 ParOldGen       total 52224K, used 10706K [0x0000000089e00000, 0x000000008d100000, 0x00000000d8a00000)
  object space 52224K, 20% used [0x0000000089e00000,0x000000008a874a08,0x000000008d100000)
 Metaspace       used 32779K, capacity 34724K, committed 35072K, reserved 1079296K
  class space    used 4378K, capacity 4752K, committed 4864K, reserved 1048576K
Event: 4.795 GC heap after
Heap after GC invocations=9 (full 1):
 PSYoungGen      total 164352K, used 11248K [0x00000000d8a00000, 0x00000000e5580000, 0x0000000100000000)
  eden space 153088K, 0% used [0x00000000d8a00000,0x00000000d8a00000,0x00000000e1f80000)
  from space 11264K, 99% used [0x00000000e2d00000,0x00000000e37fc140,0x00000000e3800000)
  to   space 13824K, 0% used [0x00000000e1f80000,0x00000000e1f80000,0x00000000e2d00000)
 ParOldGen       total 52224K, used 11881K [0x0000000089e00000, 0x000000008d100000, 0x00000000d8a00000)
  object space 52224K, 22% used [0x0000000089e00000,0x000000008a99a580,0x000000008d100000)
 Metaspace       used 32779K, capacity 34724K, committed 35072K, reserved 1079296K
  class space    used 4378K, capacity 4752K, committed 4864K, reserved 1048576K
}
Event: 5.064 GC heap before
{Heap before GC invocations=10 (full 1):
 PSYoungGen      total 164352K, used 40753K [0x00000000d8a00000, 0x00000000e5580000, 0x0000000100000000)
  eden space 153088K, 19% used [0x00000000d8a00000,0x00000000da6d0578,0x00000000e1f80000)
  from space 11264K, 99% used [0x00000000e2d00000,0x00000000e37fc140,0x00000000e3800000)
  to   space 13824K, 0% used [0x00000000e1f80000,0x00000000e1f80000,0x00000000e2d00000)
 ParOldGen       total 52224K, used 11881K [0x0000000089e00000, 0x000000008d100000, 0x00000000d8a00000)
  object space 52224K, 22% used [0x0000000089e00000,0x000000008a99a580,0x000000008d100000)
 Metaspace       used 33322K, capacity 35337K, committed 35496K, reserved 1079296K
  class space    used 4468K, capacity 4864K, committed 4864K, reserved 1048576K
Event: 5.078 GC heap after
Heap after GC invocations=10 (full 1):
 PSYoungGen      total 166912K, used 7562K [0x00000000d8a00000, 0x00000000e7480000, 0x0000000100000000)
  eden space 153088K, 0% used [0x00000000d8a00000,0x00000000d8a00000,0x00000000e1f80000)
  from space 13824K, 54% used [0x00000000e1f80000,0x00000000e26e2818,0x00000000e2d00000)
  to   space 13312K, 0% used [0x00000000e6780000,0x00000000e6780000,0x00000000e7480000)
 ParOldGen       total 52224K, used 12721K [0x0000000089e00000, 0x000000008d100000, 0x00000000d8a00000)
  object space 52224K, 24% used [0x0000000089e00000,0x000000008aa6c590,0x000000008d100000)
 Metaspace       used 33322K, capacity 35337K, committed 35496K, reserved 1079296K
  class space    used 4468K, capacity 4864K, committed 4864K, reserved 1048576K
}
Event: 5.078 GC heap before
{Heap before GC invocations=11 (full 2):
 PSYoungGen      total 166912K, used 7562K [0x00000000d8a00000, 0x00000000e7480000, 0x0000000100000000)
  eden space 153088K, 0% used [0x00000000d8a00000,0x00000000d8a00000,0x00000000e1f80000)
  from space 13824K, 54% used [0x00000000e1f80000,0x00000000e26e2818,0x00000000e2d00000)
  to   space 13312K, 0% used [0x00000000e6780000,0x00000000e6780000,0x00000000e7480000)
 ParOldGen       total 52224K, used 12721K [0x0000000089e00000, 0x000000008d100000, 0x00000000d8a00000)
  object space 52224K, 24% used [0x0000000089e00000,0x000000008aa6c590,0x000000008d100000)
 Metaspace       used 33322K, capacity 35337K, committed 35496K, reserved 1079296K
  class space    used 4468K, capacity 4864K, committed 4864K, reserved 1048576K
Event: 5.136 GC heap after
Heap after GC invocations=11 (full 2):
 PSYoungGen      total 166912K, used 0K [0x00000000d8a00000, 0x00000000e7480000, 0x0000000100000000)
  eden space 153088K, 0% used [0x00000000d8a00000,0x00000000d8a00000,0x00000000e1f80000)
  from space 13824K, 0% used [0x00000000e1f80000,0x00000000e1f80000,0x00000000e2d00000)
  to   space 13312K, 0% used [0x00000000e6780000,0x00000000e6780000,0x00000000e7480000)
 ParOldGen       total 77824K, used 13007K [0x0000000089e00000, 0x000000008ea00000, 0x00000000d8a00000)
  object space 77824K, 16% used [0x0000000089e00000,0x000000008aab3e48,0x000000008ea00000)
 Metaspace       used 33322K, capacity 35337K, committed 35496K, reserved 1079296K
  class space    used 4468K, capacity 4864K, committed 4864K, reserved 1048576K
}

Deoptimization events (10 events):
Event: 4.916 Thread 0x0000018dc18e1000 Uncommon trap: reason=class_check action=maybe_recompile pc=0x0000018dc3c758ac method=sun.reflect.generics.reflectiveObjects.TypeVariableImpl.hashCode()I @ 4
Event: 4.933 Thread 0x0000018dc18e1000 Uncommon trap: reason=class_check action=maybe_recompile pc=0x0000018dc3cd3ba4 method=org.springframework.core.ResolvableType.resolveType()Lorg/springframework/core/ResolvableType; @ 101
Event: 5.037 Thread 0x0000018dc18e1000 Uncommon trap: reason=unstable_if action=reinterpret pc=0x0000018dc37cf928 method=java.util.concurrent.ConcurrentHashMap.get(Ljava/lang/Object;)Ljava/lang/Object; @ 76
Event: 5.037 Thread 0x0000018dc18e1000 Uncommon trap: reason=class_check action=maybe_recompile pc=0x0000018dc3a5eb0c method=java.util.concurrent.ConcurrentHashMap.putVal(Ljava/lang/Object;Ljava/lang/Object;Z)Ljava/lang/Object; @ 192
Event: 5.049 Thread 0x0000018dc18e1000 Uncommon trap: reason=null_check action=make_not_entrant pc=0x0000018dc3ce6d10 method=org.springframework.beans.factory.support.DefaultListableBeanFactory.getBeanDefinition(Ljava/lang/String;)Lorg/springframework/beans/factory/config/BeanDefinition; @ 10
Event: 5.162 Thread 0x0000018dc18e1000 Uncommon trap: reason=class_check action=maybe_recompile pc=0x0000018dc3ae54d4 method=java.lang.reflect.Array.newInstance(Ljava/lang/Class;I)Ljava/lang/Object; @ 2
Event: 5.163 Thread 0x0000018dc18e1000 Uncommon trap: reason=class_check action=maybe_recompile pc=0x0000018dc3ae54d4 method=java.lang.reflect.Array.newInstance(Ljava/lang/Class;I)Ljava/lang/Object; @ 2
Event: 5.186 Thread 0x0000018dc18e1000 Uncommon trap: reason=class_check action=maybe_recompile pc=0x0000018dc3ae54d4 method=java.lang.reflect.Array.newInstance(Ljava/lang/Class;I)Ljava/lang/Object; @ 2
Event: 5.188 Thread 0x0000018dc18e1000 Uncommon trap: reason=class_check action=maybe_recompile pc=0x0000018dc3ae54d4 method=java.lang.reflect.Array.newInstance(Ljava/lang/Class;I)Ljava/lang/Object; @ 2
Event: 5.198 Thread 0x0000018dc18e1000 Uncommon trap: reason=unstable_if action=reinterpret pc=0x0000018dc34e553c method=java.lang.AbstractStringBuilder.append(Ljava/lang/String;)Ljava/lang/AbstractStringBuilder; @ 1

Classes redefined (0 events):
No events

Internal exceptions (10 events):
Event: 5.027 Thread 0x0000018dc18e1000 Exception <a 'java/lang/ClassNotFoundException': org/springframework/beans/factory/BeanClassLoaderAwareCustomizer> (0x00000000da4bd3e8) thrown at [C:\jenkins\workspace\8-2-build-windows-amd64-cygwin\jdk8u261\295\hotspot\src\share\vm\classfile\systemDictio
Event: 5.028 Thread 0x0000018dc18e1000 Exception <a 'java/lang/ClassNotFoundException': org/springframework/beans/factory/AwareCustomizer> (0x00000000da4dcf60) thrown at [C:\jenkins\workspace\8-2-build-windows-amd64-cygwin\jdk8u261\295\hotspot\src\share\vm\classfile\systemDictionary.cpp, line 
Event: 5.029 Thread 0x0000018dc18e1000 Exception <a 'java/lang/ClassNotFoundException': org/springframework/beans/factory/InitializingBeanCustomizer> (0x00000000da500568) thrown at [C:\jenkins\workspace\8-2-build-windows-amd64-cygwin\jdk8u261\295\hotspot\src\share\vm\classfile\systemDictionary
Event: 5.034 Thread 0x0000018dc18e1000 Exception <a 'java/lang/ClassNotFoundException': java/lang/ObjectCustomizer> (0x00000000da53a360) thrown at [C:\jenkins\workspace\8-2-build-windows-amd64-cygwin\jdk8u261\295\hotspot\src\share\vm\classfile\systemDictionary.cpp, line 210]
Event: 5.036 Thread 0x0000018dc18e1000 Exception <a 'java/lang/ClassNotFoundException': org/springframework/boot/context/properties/BoundConfigurationPropertiesCustomizer> (0x00000000da5692d0) thrown at [C:\jenkins\workspace\8-2-build-windows-amd64-cygwin\jdk8u261\295\hotspot\src\share\vm\clas
Event: 5.049 Thread 0x0000018dc18e1000 Implicit null exception at 0x0000018dc3ce6b93 to 0x0000018dc3ce6d05
Event: 5.198 Thread 0x0000018dc18e1000 Implicit null exception at 0x0000018dc34e5196 to 0x0000018dc34e5525
Event: 5.202 Thread 0x0000018dc18e1000 Exception <a 'java/lang/ClassNotFoundException': java/lang/ObjectCustomizer> (0x00000000d8dc0d30) thrown at [C:\jenkins\workspace\8-2-build-windows-amd64-cygwin\jdk8u261\295\hotspot\src\share\vm\classfile\systemDictionary.cpp, line 210]
Event: 5.203 Thread 0x0000018dc18e1000 Exception <a 'java/lang/ClassNotFoundException': com/zaxxer/hikari/HikariConfigCustomizer> (0x00000000d8ddff98) thrown at [C:\jenkins\workspace\8-2-build-windows-amd64-cygwin\jdk8u261\295\hotspot\src\share\vm\classfile\systemDictionary.cpp, line 210]
Event: 5.206 Thread 0x0000018dc18e1000 Exception <a 'java/lang/ClassNotFoundException': com/zaxxer/hikari/HikariDataSourceCustomizer> (0x00000000d8e481d0) thrown at [C:\jenkins\workspace\8-2-build-windows-amd64-cygwin\jdk8u261\295\hotspot\src\share\vm\classfile\systemDictionary.cpp, line 210]

Events (10 events):
Event: 5.203 loading class com/zaxxer/hikari/HikariConfigCustomizer
Event: 5.203 loading class com/zaxxer/hikari/HikariConfigCustomizer done
Event: 5.203 loading class com/zaxxer/hikari/HikariConfigCustomizer
Event: 5.203 loading class com/zaxxer/hikari/HikariConfigCustomizer done
Event: 5.205 loading class com/zaxxer/hikari/HikariDataSourceCustomizer
Event: 5.205 loading class com/zaxxer/hikari/HikariDataSourceCustomizer done
Event: 5.205 loading class com/zaxxer/hikari/HikariDataSourceCustomizer
Event: 5.205 loading class com/zaxxer/hikari/HikariDataSourceCustomizer done
Event: 5.206 loading class com/zaxxer/hikari/HikariDataSourceCustomizer
Event: 5.206 loading class com/zaxxer/hikari/HikariDataSourceCustomizer done


Dynamic libraries:
0x00007ff732a00000 - 0x00007ff732a47000 	C:\Program Files\Java\jdk1.8.0_261\jre\bin\java.exe
0x00007ffc7b2d0000 - 0x00007ffc7b4c6000 	C:\WINDOWS\SYSTEM32\ntdll.dll
0x00007ffc7a620000 - 0x00007ffc7a6dd000 	C:\WINDOWS\System32\KERNEL32.DLL
0x00007ffc78ba0000 - 0x00007ffc78e68000 	C:\WINDOWS\System32\KERNELBASE.dll
0x00007ffc7a6e0000 - 0x00007ffc7a78c000 	C:\WINDOWS\System32\ADVAPI32.dll
0x00007ffc7a580000 - 0x00007ffc7a61e000 	C:\WINDOWS\System32\msvcrt.dll
0x00007ffc7aa40000 - 0x00007ffc7aadb000 	C:\WINDOWS\System32\sechost.dll
0x00007ffc79b00000 - 0x00007ffc79c24000 	C:\WINDOWS\System32\RPCRT4.dll
0x00007ffc7b080000 - 0x00007ffc7b220000 	C:\WINDOWS\System32\USER32.dll
0x00007ffc791b0000 - 0x00007ffc791d2000 	C:\WINDOWS\System32\win32u.dll
0x00007ffc7abb0000 - 0x00007ffc7abda000 	C:\WINDOWS\System32\GDI32.dll
0x00007ffc78e70000 - 0x00007ffc78f79000 	C:\WINDOWS\System32\gdi32full.dll
0x00007ffc79030000 - 0x00007ffc790cd000 	C:\WINDOWS\System32\msvcp_win.dll
0x00007ffc79230000 - 0x00007ffc79330000 	C:\WINDOWS\System32\ucrtbase.dll
0x00007ffc67c80000 - 0x00007ffc67f1b000 	C:\WINDOWS\WinSxS\amd64_microsoft.windows.common-controls_6595b64144ccf1df_6.0.19041.488_none_ca04af081b815d21\COMCTL32.dll
0x00007ffc7b050000 - 0x00007ffc7b080000 	C:\WINDOWS\System32\IMM32.DLL
0x00007ffc71ee0000 - 0x00007ffc71ef5000 	C:\Program Files\Java\jdk1.8.0_261\jre\bin\vcruntime140.dll
0x00007ffc5ac00000 - 0x00007ffc5ac9b000 	C:\Program Files\Java\jdk1.8.0_261\jre\bin\msvcp140.dll
0x0000000054f10000 - 0x000000005577c000 	C:\Program Files\Java\jdk1.8.0_261\jre\bin\server\jvm.dll
0x00007ffc7a560000 - 0x00007ffc7a568000 	C:\WINDOWS\System32\PSAPI.DLL
0x00007ffc73050000 - 0x00007ffc7305a000 	C:\WINDOWS\SYSTEM32\VERSION.dll
0x00007ffc6f2f0000 - 0x00007ffc6f317000 	C:\WINDOWS\SYSTEM32\WINMM.dll
0x00007ffc68050000 - 0x00007ffc68059000 	C:\WINDOWS\SYSTEM32\WSOCK32.dll
0x00007ffc7b220000 - 0x00007ffc7b28b000 	C:\WINDOWS\System32\WS2_32.dll
0x00007ffc76980000 - 0x00007ffc76992000 	C:\WINDOWS\SYSTEM32\kernel.appcore.dll
0x00007ffc723a0000 - 0x00007ffc723b0000 	C:\Program Files\Java\jdk1.8.0_261\jre\bin\verify.dll
0x00007ffc69a80000 - 0x00007ffc69aab000 	C:\Program Files\Java\jdk1.8.0_261\jre\bin\java.dll
0x00007ffc65f80000 - 0x00007ffc65f98000 	C:\Program Files\Java\jdk1.8.0_261\jre\bin\zip.dll
0x00007ffc79390000 - 0x00007ffc79ad1000 	C:\WINDOWS\System32\SHELL32.dll
0x00007ffc76b80000 - 0x00007ffc77315000 	C:\WINDOWS\SYSTEM32\windows.storage.dll
0x00007ffc79ec0000 - 0x00007ffc7a215000 	C:\WINDOWS\System32\combase.dll
0x00007ffc783b0000 - 0x00007ffc783dc000 	C:\WINDOWS\SYSTEM32\Wldp.dll
0x00007ffc7a7f0000 - 0x00007ffc7a89e000 	C:\WINDOWS\System32\SHCORE.dll
0x00007ffc7a790000 - 0x00007ffc7a7e5000 	C:\WINDOWS\System32\shlwapi.dll
0x00007ffc78940000 - 0x00007ffc78966000 	C:\WINDOWS\SYSTEM32\profapi.dll
0x00007ffc69b30000 - 0x00007ffc69b3d000 	C:\Program Files\Java\jdk1.8.0_261\jre\bin\management.dll
0x00007ffc65510000 - 0x00007ffc6552c000 	C:\Program Files\Java\jdk1.8.0_261\jre\bin\net.dll
0x00007ffc78130000 - 0x00007ffc7819a000 	C:\WINDOWS\system32\mswsock.dll
0x00007ffc650e0000 - 0x00007ffc650f3000 	C:\Program Files\Java\jdk1.8.0_261\jre\bin\nio.dll
0x00007ffc68030000 - 0x00007ffc68047000 	C:\WINDOWS\system32\napinsp.dll
0x00007ffc67a60000 - 0x00007ffc67a7b000 	C:\WINDOWS\system32\pnrpnsp.dll
0x00007ffc67a40000 - 0x00007ffc67a55000 	C:\WINDOWS\system32\wshbth.dll
0x00007ffc744f0000 - 0x00007ffc7450d000 	C:\WINDOWS\system32\NLAapi.dll
0x00007ffc77e20000 - 0x00007ffc77e5b000 	C:\WINDOWS\SYSTEM32\IPHLPAPI.DLL
0x00007ffc77e60000 - 0x00007ffc77f2b000 	C:\WINDOWS\SYSTEM32\DNSAPI.dll
0x00007ffc7a570000 - 0x00007ffc7a578000 	C:\WINDOWS\System32\NSI.dll
0x00007ffc67a20000 - 0x00007ffc67a32000 	C:\WINDOWS\System32\winrnr.dll
0x0000000056780000 - 0x000000005678a000 	C:\Program Files\National Instruments\Shared\mDNS Responder\nimdnsNSP.dll
0x0000000056770000 - 0x0000000056780000 	C:\WINDOWS\SYSTEM32\nimdnsResponder.dll
0x00007ffc6d480000 - 0x00007ffc6d48a000 	C:\Windows\System32\rasadhlp.dll
0x00007ffc6d300000 - 0x00007ffc6d37f000 	C:\WINDOWS\System32\fwpuclnt.dll
0x00007ffc78b70000 - 0x00007ffc78b97000 	C:\WINDOWS\System32\bcrypt.dll
0x00007ffc6be90000 - 0x00007ffc6c074000 	C:\WINDOWS\SYSTEM32\dbghelp.dll
0x00007ffc790d0000 - 0x00007ffc7914f000 	C:\WINDOWS\System32\bcryptPrimitives.dll

VM Arguments:
java_command: C:\Users\Angie\AppData\Local\Temp\surefire7770208368198607397\surefirebooter2186423623355835021.jar C:\Users\Angie\AppData\Local\Temp\surefire7770208368198607397 2020-11-20T23-38-59_002-jvmRun1 surefire3779632888169713568tmp surefire_08781302554712794973tmp
java_class_path (initial): C:\Users\Angie\AppData\Local\Temp\surefire7770208368198607397\surefirebooter2186423623355835021.jar
Launcher Type: SUN_STANDARD

Environment Variables:
JAVA_HOME=C:\Program Files\Java\jdk-11.0.8
PATH=C:/Program Files/Java/jre1.8.0_261/bin/server;C:/Program Files/Java/jre1.8.0_261/bin;C:/Program Files/Java/jre1.8.0_261/lib/amd64;C:\Program Files\Common Files\Oracle\Java\javapath;C:\Program Files (x86)\Common Files\Intel\Shared Libraries\redist\intel64\compiler;C:\Program Files (x86)\Common Files\Oracle\Java\javapath;C:\WINDOWS\system32;C:\WINDOWS;C:\WINDOWS\System32\Wbem;C:\WINDOWS\System32\WindowsPowerShell\v1.0\;C:\WINDOWS\System32\OpenSSH\;C:\Program Files\Git\cmd;C:\sonarqube-5.0.1\sonarqube-5.0.1\bin\windows-x86-64;C:\Program Files\nodejs\;C:\Program Files (x86)\IVI Foundation\VISA\WinNT\Bin\;C:\Program Files\IVI Foundation\VISA\Win64\Bin\;C:\Program Files (x86)\IVI Foundation\VISA\WinNT\Bin;C:\Program Files\MATLAB\R2020b\runtime\win64;C:\Program Files\MATLAB\R2020b\bin;C:\Users\Angie\AppData\Local\Programs\Python\Python38-32\Scripts\;C:\Users\Angie\AppData\Local\Programs\Python\Python38-32\;C:\Users\Angie\AppData\Local\Microsoft\WindowsApps;C:\Users\Angie\AppData\Local\Programs\Microsoft VS Code\bin;C:\Users\Angie\AppData\Roaming\npm;C:\Program Files\apache-maven-3.6.3\bin;;C:\Program Files\sts-bundle\sts-3.9.11.RELEASE;
USERNAME=USUARIO
OS=Windows_NT
PROCESSOR_IDENTIFIER=AMD64 Family 23 Model 24 Stepping 1, AuthenticAMD



---------------  S Y S T E M  ---------------

OS: Windows 10.0 , 64 bit Build 19041 (10.0.19041.546)

CPU:total 6 (initial active 6) (8 cores per cpu, 1 threads per core) family 23 model 24 stepping 1, cmov, cx8, fxsr, mmx, sse, sse2, sse3, ssse3, sse4.1, sse4.2, popcnt, avx, avx2, aes, clmul, mmxext, 3dnowpref, lzcnt, sse4a, tsc, tscinvbit, tscinv, bmi1

Memory: 4k page, physical 7738888k(1017796k free), swap 9687560k(13504k free)

vm_info: Java HotSpot(TM) 64-Bit Server VM (25.261-b12) for windows-amd64 JRE (1.8.0_261-b12), built on Jun 18 2020 06:56:32 by "" with unknown MS VC++:1916

time: Fri Nov 20 23:39:04 2020
timezone: Hora est. Pacífico, Sudamérica
elapsed time: 5 seconds (0d 0h 0m 5s)

