#
# There is insufficient memory for the Java Runtime Environment to continue.
# Native memory allocation (malloc) failed to allocate 32744 bytes for ChunkPool::allocate
# Possible reasons:
#   The system is out of physical RAM or swap space
#   The process is running with CompressedOops enabled, and the Java Heap may be blocking the growth of the native heap
# Possible solutions:
#   Reduce memory load on the system
#   Increase physical memory or swap space
#   Check if swap backing store is full
#   Decrease Java heap size (-Xmx/-Xms)
#   Decrease number of Java threads
#   Decrease Java thread stack sizes (-Xss)
#   Set larger code cache with -XX:ReservedCodeCacheSize=
#   JVM is running with Unscaled Compressed Oops mode in which the Java heap is
#     placed in the first 4GB address space. The Java Heap base address is the
#     maximum limit for the native heap growth. Please use -XX:HeapBaseMinAddress
#     to set the Java Heap base and to place the Java Heap above 4GB virtual address.
# This output file may be truncated or incomplete.
#
#  Out of Memory Error (allocation.cpp:272), pid=6732, tid=0x0000000000001fe0
#
# JRE version: Java(TM) SE Runtime Environment (8.0_261-b12) (build 1.8.0_261-b12)
# Java VM: Java HotSpot(TM) 64-Bit Server VM (25.261-b12 mixed mode windows-amd64 compressed oops)
# Failed to write core dump. Minidumps are not enabled by default on client versions of Windows
#

---------------  T H R E A D  ---------------

Current thread (0x0000025458a67800):  JavaThread "C2 CompilerThread1" daemon [_thread_in_native, id=8160, stack(0x000000fc40c00000,0x000000fc40d00000)]

Stack: [0x000000fc40c00000,0x000000fc40d00000]
Native frames: (J=compiled Java code, j=interpreted, Vv=VM code, C=native code)
V  [jvm.dll+0x33e5f9]


Current CompileTask:
C2:  11404 5529       4       java.util.regex.Pattern$Branch::match (66 bytes)


---------------  P R O C E S S  ---------------

Java Threads: ( => current thread )
  0x000002545ab95000 JavaThread "Thread-5" [_thread_in_native, id=7908, stack(0x000000fc41a00000,0x000000fc41b00000)]
  0x000002545ab92000 JavaThread "Thread-4" [_thread_in_native, id=10092, stack(0x000000fc41900000,0x000000fc41a00000)]
  0x000002545ab91800 JavaThread "Thread-3" [_thread_blocked, id=9940, stack(0x000000fc41800000,0x000000fc41900000)]
  0x000002545e13d000 JavaThread "ThreadedStreamConsumer" daemon [_thread_in_Java, id=7980, stack(0x000000fc41700000,0x000000fc41800000)]
  0x000002545b2c0800 JavaThread "ping-timer-10s" daemon [_thread_blocked, id=2748, stack(0x000000fc41600000,0x000000fc41700000)]
  0x000002545b9ed000 JavaThread "timeout-check-timer" daemon [_thread_blocked, id=10344, stack(0x000000fc41500000,0x000000fc41600000)]
  0x000002545ad31000 JavaThread "resolver-5" daemon [_thread_blocked, id=12272, stack(0x000000fc41400000,0x000000fc41500000)]
  0x000002545c990800 JavaThread "resolver-4" daemon [_thread_blocked, id=11400, stack(0x000000fc41300000,0x000000fc41400000)]
  0x000002545c651000 JavaThread "resolver-3" daemon [_thread_blocked, id=6948, stack(0x000000fc41200000,0x000000fc41300000)]
  0x0000025459c61000 JavaThread "resolver-2" daemon [_thread_blocked, id=11080, stack(0x000000fc41100000,0x000000fc41200000)]
  0x0000025459ec6800 JavaThread "resolver-1" daemon [_thread_blocked, id=3684, stack(0x000000fc41000000,0x000000fc41100000)]
  0x0000025458ab1000 JavaThread "Service Thread" daemon [_thread_blocked, id=9628, stack(0x000000fc40e00000,0x000000fc40f00000)]
  0x0000025458a81000 JavaThread "C1 CompilerThread2" daemon [_thread_in_native, id=6472, stack(0x000000fc40d00000,0x000000fc40e00000)]
=>0x0000025458a67800 JavaThread "C2 CompilerThread1" daemon [_thread_in_native, id=8160, stack(0x000000fc40c00000,0x000000fc40d00000)]
  0x0000025458a38000 JavaThread "C2 CompilerThread0" daemon [_thread_in_native, id=10400, stack(0x000000fc40b00000,0x000000fc40c00000)]
  0x0000025458a34800 JavaThread "Attach Listener" daemon [_thread_blocked, id=9896, stack(0x000000fc40a00000,0x000000fc40b00000)]
  0x0000025458a33800 JavaThread "Signal Dispatcher" daemon [_thread_blocked, id=9392, stack(0x000000fc40900000,0x000000fc40a00000)]
  0x000002545808c000 JavaThread "Finalizer" daemon [_thread_blocked, id=6052, stack(0x000000fc40800000,0x000000fc40900000)]
  0x0000025458a17800 JavaThread "Reference Handler" daemon [_thread_blocked, id=1652, stack(0x000000fc40700000,0x000000fc40800000)]
  0x0000025442425000 JavaThread "main" [_thread_in_native, id=2492, stack(0x000000fc3ff00000,0x000000fc40000000)]

Other Threads:
  0x00000254589f2000 VMThread [stack: 0x000000fc40600000,0x000000fc40700000] [id=9832]
  0x0000025458ab2800 WatcherThread [stack: 0x000000fc40f00000,0x000000fc41000000] [id=1880]

VM state:not at safepoint (normal execution)

VM Mutex/Monitor currently owned by a thread: None

heap address: 0x0000000089e00000, size: 1890 MB, Compressed Oops mode: 32-bit
Narrow klass base: 0x0000000000000000, Narrow klass shift: 3
Compressed class space size: 1073741824 Address: 0x0000000100000000

Heap:
 PSYoungGen      total 180736K, used 35850K [0x00000000d8a00000, 0x00000000e5300000, 0x0000000100000000)
  eden space 164864K, 12% used [0x00000000d8a00000,0x00000000d9d83030,0x00000000e2b00000)
  from space 15872K, 99% used [0x00000000e3d80000,0x00000000e4cffb60,0x00000000e4d00000)
  to   space 18944K, 0% used [0x00000000e2b00000,0x00000000e2b00000,0x00000000e3d80000)
 ParOldGen       total 62976K, used 32021K [0x0000000089e00000, 0x000000008db80000, 0x00000000d8a00000)
  object space 62976K, 50% used [0x0000000089e00000,0x000000008bd457f0,0x000000008db80000)
 Metaspace       used 25790K, capacity 26386K, committed 26752K, reserved 1073152K
  class space    used 2915K, capacity 3074K, committed 3200K, reserved 1048576K

Card table byte_map: [0x0000025453280000,0x0000025453640000] byte_map_base: 0x0000025452e31000

Marking Bits: (ParMarkBitMap*) 0x0000000055704fb0
 Begin Bits: [0x00000254538c0000, 0x0000025455648000)
 End Bits:   [0x0000025455648000, 0x00000254573d0000)

Polling page: 0x00000254425d0000

CodeCache: size=245760Kb used=17032Kb max_used=18124Kb free=228727Kb
 bounds [0x0000025443ec0000, 0x00000254450b0000, 0x0000025452ec0000]
 total_blobs=5105 nmethods=4674 adapters=344
 compilation: enabled

Compilation events (10 events):
Event: 7.633 Thread 0x0000025458a81000 nmethod 5524 0x0000025444bdf610 code [0x0000025444bdf8a0, 0x0000025444be0c90]
Event: 8.624 Thread 0x0000025458a67800 nmethod 5391 0x0000025444577250 code [0x0000025444577740, 0x000002544457de10]
Event: 8.676 Thread 0x0000025458a81000 5525       3       java.util.concurrent.locks.ReentrantLock$NonfairSync::tryAcquire (6 bytes)
Event: 8.677 Thread 0x0000025458a81000 nmethod 5525 0x00000254443ae050 code [0x00000254443ae1c0, 0x00000254443ae3d0]
Event: 8.881 Thread 0x0000025458a81000 5526       3       java.util.concurrent.TimeUnit$1::toNanos (2 bytes)
Event: 8.881 Thread 0x0000025458a81000 nmethod 5526 0x0000025444d13a90 code [0x0000025444d13be0, 0x0000025444d13d38]
Event: 8.990 Thread 0x0000025458a81000 5527       3       java.util.concurrent.TimeUnit$1::convert (6 bytes)
Event: 8.991 Thread 0x0000025458a81000 nmethod 5527 0x0000025443fd0d90 code [0x0000025443fd0f00, 0x0000025443fd1130]
Event: 11.391 Thread 0x0000025458a38000 5528       4       org.codehaus.plexus.classworlds.realm.Entry::matches (282 bytes)
Event: 11.396 Thread 0x0000025458a67800 5529       4       java.util.regex.Pattern$Branch::match (66 bytes)

GC Heap History (10 events):
Event: 3.430 GC heap before
{Heap before GC invocations=7 (full 0):
 PSYoungGen      total 71168K, used 68048K [0x00000000d8a00000, 0x00000000dd900000, 0x0000000100000000)
  eden space 61440K, 100% used [0x00000000d8a00000,0x00000000dc600000,0x00000000dc600000)
  from space 9728K, 67% used [0x00000000dcf80000,0x00000000dd5f4010,0x00000000dd900000)
  to   space 9728K, 0% used [0x00000000dc600000,0x00000000dc600000,0x00000000dcf80000)
 ParOldGen       total 81920K, used 10026K [0x0000000089e00000, 0x000000008ee00000, 0x00000000d8a00000)
  object space 81920K, 12% used [0x0000000089e00000,0x000000008a7cab70,0x000000008ee00000)
 Metaspace       used 16953K, capacity 17360K, committed 17536K, reserved 1064960K
  class space    used 1972K, capacity 2094K, committed 2176K, reserved 1048576K
Event: 3.442 GC heap after
Heap after GC invocations=7 (full 0):
 PSYoungGen      total 71168K, used 8957K [0x00000000d8a00000, 0x00000000e1600000, 0x0000000100000000)
  eden space 61440K, 0% used [0x00000000d8a00000,0x00000000d8a00000,0x00000000dc600000)
  from space 9728K, 92% used [0x00000000dc600000,0x00000000dcebf500,0x00000000dcf80000)
  to   space 10240K, 0% used [0x00000000e0c00000,0x00000000e0c00000,0x00000000e1600000)
 ParOldGen       total 81920K, used 11502K [0x0000000089e00000, 0x000000008ee00000, 0x00000000d8a00000)
  object space 81920K, 14% used [0x0000000089e00000,0x000000008a93bbd0,0x000000008ee00000)
 Metaspace       used 16953K, capacity 17360K, committed 17536K, reserved 1064960K
  class space    used 1972K, capacity 2094K, committed 2176K, reserved 1048576K
}
Event: 3.749 GC heap before
{Heap before GC invocations=8 (full 0):
 PSYoungGen      total 71168K, used 28652K [0x00000000d8a00000, 0x00000000e1600000, 0x0000000100000000)
  eden space 61440K, 32% used [0x00000000d8a00000,0x00000000d9d3bb00,0x00000000dc600000)
  from space 9728K, 92% used [0x00000000dc600000,0x00000000dcebf500,0x00000000dcf80000)
  to   space 10240K, 0% used [0x00000000e0c00000,0x00000000e0c00000,0x00000000e1600000)
 ParOldGen       total 81920K, used 11502K [0x0000000089e00000, 0x000000008ee00000, 0x00000000d8a00000)
  object space 81920K, 14% used [0x0000000089e00000,0x000000008a93bbd0,0x000000008ee00000)
 Metaspace       used 20525K, capacity 21108K, committed 21296K, reserved 1069056K
  class space    used 2453K, capacity 2622K, committed 2688K, reserved 1048576K
Event: 3.757 GC heap after
Heap after GC invocations=8 (full 0):
 PSYoungGen      total 132096K, used 7339K [0x00000000d8a00000, 0x00000000e1500000, 0x0000000100000000)
  eden space 122880K, 0% used [0x00000000d8a00000,0x00000000d8a00000,0x00000000e0200000)
  from space 9216K, 79% used [0x00000000e0c00000,0x00000000e132ad80,0x00000000e1500000)
  to   space 9728K, 0% used [0x00000000e0200000,0x00000000e0200000,0x00000000e0b80000)
 ParOldGen       total 81920K, used 13873K [0x0000000089e00000, 0x000000008ee00000, 0x00000000d8a00000)
  object space 81920K, 16% used [0x0000000089e00000,0x000000008ab8c420,0x000000008ee00000)
 Metaspace       used 20525K, capacity 21108K, committed 21296K, reserved 1069056K
  class space    used 2453K, capacity 2622K, committed 2688K, reserved 1048576K
}
Event: 3.757 GC heap before
{Heap before GC invocations=9 (full 1):
 PSYoungGen      total 132096K, used 7339K [0x00000000d8a00000, 0x00000000e1500000, 0x0000000100000000)
  eden space 122880K, 0% used [0x00000000d8a00000,0x00000000d8a00000,0x00000000e0200000)
  from space 9216K, 79% used [0x00000000e0c00000,0x00000000e132ad80,0x00000000e1500000)
  to   space 9728K, 0% used [0x00000000e0200000,0x00000000e0200000,0x00000000e0b80000)
 ParOldGen       total 81920K, used 13873K [0x0000000089e00000, 0x000000008ee00000, 0x00000000d8a00000)
  object space 81920K, 16% used [0x0000000089e00000,0x000000008ab8c420,0x000000008ee00000)
 Metaspace       used 20525K, capacity 21108K, committed 21296K, reserved 1069056K
  class space    used 2453K, capacity 2622K, committed 2688K, reserved 1048576K
Event: 3.806 GC heap after
Heap after GC invocations=9 (full 1):
 PSYoungGen      total 132096K, used 0K [0x00000000d8a00000, 0x00000000e1500000, 0x0000000100000000)
  eden space 122880K, 0% used [0x00000000d8a00000,0x00000000d8a00000,0x00000000e0200000)
  from space 9216K, 0% used [0x00000000e0c00000,0x00000000e0c00000,0x00000000e1500000)
  to   space 9728K, 0% used [0x00000000e0200000,0x00000000e0200000,0x00000000e0b80000)
 ParOldGen       total 62976K, used 16106K [0x0000000089e00000, 0x000000008db80000, 0x00000000d8a00000)
  object space 62976K, 25% used [0x0000000089e00000,0x000000008adba980,0x000000008db80000)
 Metaspace       used 20525K, capacity 21108K, committed 21296K, reserved 1069056K
  class space    used 2453K, capacity 2622K, committed 2688K, reserved 1048576K
}
Event: 5.092 GC heap before
{Heap before GC invocations=10 (full 1):
 PSYoungGen      total 132096K, used 122880K [0x00000000d8a00000, 0x00000000e1500000, 0x0000000100000000)
  eden space 122880K, 100% used [0x00000000d8a00000,0x00000000e0200000,0x00000000e0200000)
  from space 9216K, 0% used [0x00000000e0c00000,0x00000000e0c00000,0x00000000e1500000)
  to   space 9728K, 0% used [0x00000000e0200000,0x00000000e0200000,0x00000000e0b80000)
 ParOldGen       total 62976K, used 16106K [0x0000000089e00000, 0x000000008db80000, 0x00000000d8a00000)
  object space 62976K, 25% used [0x0000000089e00000,0x000000008adba980,0x000000008db80000)
 Metaspace       used 23587K, capacity 24180K, committed 24448K, reserved 1071104K
  class space    used 2715K, capacity 2878K, committed 2944K, reserved 1048576K
Event: 5.111 GC heap after
Heap after GC invocations=10 (full 1):
 PSYoungGen      total 132608K, used 9723K [0x00000000d8a00000, 0x00000000e4d00000, 0x0000000100000000)
  eden space 122880K, 0% used [0x00000000d8a00000,0x00000000d8a00000,0x00000000e0200000)
  from space 9728K, 99% used [0x00000000e0200000,0x00000000e0b7ee38,0x00000000e0b80000)
  to   space 15872K, 0% used [0x00000000e3d80000,0x00000000e3d80000,0x00000000e4d00000)
 ParOldGen       total 62976K, used 29039K [0x0000000089e00000, 0x000000008db80000, 0x00000000d8a00000)
  object space 62976K, 46% used [0x0000000089e00000,0x000000008ba5bea0,0x000000008db80000)
 Metaspace       used 23587K, capacity 24180K, committed 24448K, reserved 1071104K
  class space    used 2715K, capacity 2878K, committed 2944K, reserved 1048576K
}
Event: 6.033 GC heap before
{Heap before GC invocations=11 (full 1):
 PSYoungGen      total 132608K, used 132603K [0x00000000d8a00000, 0x00000000e4d00000, 0x0000000100000000)
  eden space 122880K, 100% used [0x00000000d8a00000,0x00000000e0200000,0x00000000e0200000)
  from space 9728K, 99% used [0x00000000e0200000,0x00000000e0b7ee38,0x00000000e0b80000)
  to   space 15872K, 0% used [0x00000000e3d80000,0x00000000e3d80000,0x00000000e4d00000)
 ParOldGen       total 62976K, used 29039K [0x0000000089e00000, 0x000000008db80000, 0x00000000d8a00000)
  object space 62976K, 46% used [0x0000000089e00000,0x000000008ba5bea0,0x000000008db80000)
 Metaspace       used 25016K, capacity 25650K, committed 25856K, reserved 1073152K
  class space    used 2832K, capacity 2978K, committed 3072K, reserved 1048576K
Event: 6.054 GC heap after
Heap after GC invocations=11 (full 1):
 PSYoungGen      total 180736K, used 15870K [0x00000000d8a00000, 0x00000000e5300000, 0x0000000100000000)
  eden space 164864K, 0% used [0x00000000d8a00000,0x00000000d8a00000,0x00000000e2b00000)
  from space 15872K, 99% used [0x00000000e3d80000,0x00000000e4cffb60,0x00000000e4d00000)
  to   space 18944K, 0% used [0x00000000e2b00000,0x00000000e2b00000,0x00000000e3d80000)
 ParOldGen       total 62976K, used 32021K [0x0000000089e00000, 0x000000008db80000, 0x00000000d8a00000)
  object space 62976K, 50% used [0x0000000089e00000,0x000000008bd457f0,0x000000008db80000)
 Metaspace       used 25016K, capacity 25650K, committed 25856K, reserved 1073152K
  class space    used 2832K, capacity 2978K, committed 3072K, reserved 1048576K
}

Deoptimization events (10 events):
Event: 6.136 Thread 0x0000025442425000 Uncommon trap: reason=class_check action=maybe_recompile pc=0x0000025444792400 method=java.util.Collections$UnmodifiableMap$UnmodifiableEntrySet$UnmodifiableEntry.getValue()Ljava/lang/Object; @ 4
Event: 6.136 Thread 0x0000025442425000 Uncommon trap: reason=class_check action=maybe_recompile pc=0x00000254446a4f8c method=java.util.Collections$UnmodifiableMap$UnmodifiableEntrySet$1.hasNext()Z @ 4
Event: 6.136 Thread 0x0000025442425000 Uncommon trap: reason=class_check action=maybe_recompile pc=0x0000025444840ae8 method=java.util.Collections$UnmodifiableMap$UnmodifiableEntrySet$1.next()Ljava/util/Map$Entry; @ 8
Event: 6.136 Thread 0x0000025442425000 Uncommon trap: reason=class_check action=maybe_recompile pc=0x000002544470d880 method=java.util.Collections$UnmodifiableMap$UnmodifiableEntrySet$UnmodifiableEntry.getKey()Ljava/lang/Object; @ 4
Event: 6.136 Thread 0x0000025442425000 Uncommon trap: reason=class_check action=maybe_recompile pc=0x0000025444792400 method=java.util.Collections$UnmodifiableMap$UnmodifiableEntrySet$UnmodifiableEntry.getValue()Ljava/lang/Object; @ 4
Event: 6.136 Thread 0x0000025442425000 Uncommon trap: reason=class_check action=maybe_recompile pc=0x00000254446a4f8c method=java.util.Collections$UnmodifiableMap$UnmodifiableEntrySet$1.hasNext()Z @ 4
Event: 6.136 Thread 0x0000025442425000 Uncommon trap: reason=class_check action=maybe_recompile pc=0x0000025444840ae8 method=java.util.Collections$UnmodifiableMap$UnmodifiableEntrySet$1.next()Ljava/util/Map$Entry; @ 8
Event: 6.136 Thread 0x0000025442425000 Uncommon trap: reason=class_check action=maybe_recompile pc=0x000002544470d880 method=java.util.Collections$UnmodifiableMap$UnmodifiableEntrySet$UnmodifiableEntry.getKey()Ljava/lang/Object; @ 4
Event: 6.136 Thread 0x0000025442425000 Uncommon trap: reason=class_check action=maybe_recompile pc=0x0000025444792400 method=java.util.Collections$UnmodifiableMap$UnmodifiableEntrySet$UnmodifiableEntry.getValue()Ljava/lang/Object; @ 4
Event: 7.580 Thread 0x000002545ab92000 Uncommon trap: reason=unstable_if action=reinterpret pc=0x0000025444e24e24 method=java.io.BufferedReader.readLine(Z)Ljava/lang/String; @ 192

Classes redefined (0 events):
No events

Internal exceptions (10 events):
Event: 3.221 Thread 0x0000025442425000 Implicit null exception at 0x000002544487ca35 to 0x000002544487ce5d
Event: 3.568 Thread 0x0000025442425000 Exception <a 'java/lang/ClassNotFoundException': com/sun/tools/javac/api/JavacTool> (0x00000000d92d6688) thrown at [C:\jenkins\workspace\8-2-build-windows-amd64-cygwin\jdk8u261\295\hotspot\src\share\vm\classfile\systemDictionary.cpp, line 210]
Event: 4.156 Thread 0x0000025442425000 Exception <a 'java/io/FileNotFoundException'> (0x00000000dc7ab250) thrown at [C:\jenkins\workspace\8-2-build-windows-amd64-cygwin\jdk8u261\295\hotspot\src\share\vm\prims\jni.cpp, line 710]
Event: 4.159 Thread 0x0000025442425000 Exception <a 'java/io/FileNotFoundException'> (0x00000000dc803d90) thrown at [C:\jenkins\workspace\8-2-build-windows-amd64-cygwin\jdk8u261\295\hotspot\src\share\vm\prims\jni.cpp, line 710]
Event: 5.315 Thread 0x0000025442425000 Implicit null exception at 0x0000025444d6cbf1 to 0x0000025444d6d0d9
Event: 5.516 Thread 0x0000025442425000 Exception <a 'java/io/FileNotFoundException'> (0x00000000dc964250) thrown at [C:\jenkins\workspace\8-2-build-windows-amd64-cygwin\jdk8u261\295\hotspot\src\share\vm\prims\jni.cpp, line 710]
Event: 5.517 Thread 0x0000025442425000 Exception <a 'java/io/FileNotFoundException'> (0x00000000dc965de0) thrown at [C:\jenkins\workspace\8-2-build-windows-amd64-cygwin\jdk8u261\295\hotspot\src\share\vm\prims\jni.cpp, line 710]
Event: 5.859 Thread 0x000002545c651000 Implicit null exception at 0x000002544464bd89 to 0x000002544464be55
Event: 5.862 Thread 0x0000025442425000 Exception <a 'java/lang/NoSuchMethodError': org.apache.maven.execution.MavenExecutionRequest.getFailureBehavior()Ljava/lang/String;> (0x00000000de3208d0) thrown at [C:\jenkins\workspace\8-2-build-windows-amd64-cygwin\jdk8u261\295\hotspot\src\share\vm\inte
Event: 5.898 Thread 0x0000025442425000 Implicit null exception at 0x00000254449b6a37 to 0x00000254449b6c7d

Events (10 events):
Event: 11.391 loading class org/apache/maven/plugin/surefire/booterclient/output/InPluginProcessDumpSingleton
Event: 11.391 loading class org/apache/maven/plugin/surefire/booterclient/output/InPluginProcessDumpSingleton done
Event: 11.391 loading class org/apache/maven/plugin/surefire/booterclient/output/InPluginProcessDumpSingleton
Event: 11.391 loading class org/apache/maven/plugin/surefire/booterclient/output/InPluginProcessDumpSingleton done
Event: 11.391 loading class org/apache/maven/plugin/surefire/booterclient/output/InPluginProcessDumpSingleton
Event: 11.391 loading class org/apache/maven/plugin/surefire/booterclient/output/InPluginProcessDumpSingleton done
Event: 11.395 loading class java/lang/Throwable$WrappedPrintWriter
Event: 11.395 loading class java/lang/Throwable$PrintStreamOrWriter
Event: 11.395 loading class java/lang/Throwable$PrintStreamOrWriter done
Event: 11.395 loading class java/lang/Throwable$WrappedPrintWriter done


Dynamic libraries:
0x00007ff6faf00000 - 0x00007ff6faf47000 	C:\Program Files\Java\jdk1.8.0_261\bin\javaw.exe
0x00007ffc7b2d0000 - 0x00007ffc7b4c6000 	C:\WINDOWS\SYSTEM32\ntdll.dll
0x00007ffc7a620000 - 0x00007ffc7a6dd000 	C:\WINDOWS\System32\KERNEL32.DLL
0x00007ffc78ba0000 - 0x00007ffc78e68000 	C:\WINDOWS\System32\KERNELBASE.dll
0x00007ffc7a6e0000 - 0x00007ffc7a78c000 	C:\WINDOWS\System32\ADVAPI32.dll
0x00007ffc7a580000 - 0x00007ffc7a61e000 	C:\WINDOWS\System32\msvcrt.dll
0x00007ffc7aa40000 - 0x00007ffc7aadb000 	C:\WINDOWS\System32\sechost.dll
0x00007ffc79b00000 - 0x00007ffc79c24000 	C:\WINDOWS\System32\RPCRT4.dll
0x00007ffc7b080000 - 0x00007ffc7b220000 	C:\WINDOWS\System32\USER32.dll
0x00007ffc791b0000 - 0x00007ffc791d2000 	C:\WINDOWS\System32\win32u.dll
0x00007ffc7abb0000 - 0x00007ffc7abda000 	C:\WINDOWS\System32\GDI32.dll
0x00007ffc78e70000 - 0x00007ffc78f79000 	C:\WINDOWS\System32\gdi32full.dll
0x00007ffc79030000 - 0x00007ffc790cd000 	C:\WINDOWS\System32\msvcp_win.dll
0x00007ffc79230000 - 0x00007ffc79330000 	C:\WINDOWS\System32\ucrtbase.dll
0x00007ffc67c80000 - 0x00007ffc67f1b000 	C:\WINDOWS\WinSxS\amd64_microsoft.windows.common-controls_6595b64144ccf1df_6.0.19041.488_none_ca04af081b815d21\COMCTL32.dll
0x00007ffc7b050000 - 0x00007ffc7b080000 	C:\WINDOWS\System32\IMM32.DLL
0x00007ffc71ee0000 - 0x00007ffc71ef5000 	C:\Program Files\Java\jdk1.8.0_261\jre\bin\vcruntime140.dll
0x00007ffc5ac00000 - 0x00007ffc5ac9b000 	C:\Program Files\Java\jdk1.8.0_261\jre\bin\msvcp140.dll
0x0000000054f10000 - 0x000000005577c000 	C:\Program Files\Java\jdk1.8.0_261\jre\bin\server\jvm.dll
0x00007ffc7a560000 - 0x00007ffc7a568000 	C:\WINDOWS\System32\PSAPI.DLL
0x00007ffc68050000 - 0x00007ffc68059000 	C:\WINDOWS\SYSTEM32\WSOCK32.dll
0x00007ffc7b220000 - 0x00007ffc7b28b000 	C:\WINDOWS\System32\WS2_32.dll
0x00007ffc6f2f0000 - 0x00007ffc6f317000 	C:\WINDOWS\SYSTEM32\WINMM.dll
0x00007ffc73050000 - 0x00007ffc7305a000 	C:\WINDOWS\SYSTEM32\VERSION.dll
0x00007ffc76980000 - 0x00007ffc76992000 	C:\WINDOWS\SYSTEM32\kernel.appcore.dll
0x00007ffc723a0000 - 0x00007ffc723b0000 	C:\Program Files\Java\jdk1.8.0_261\jre\bin\verify.dll
0x00007ffc69a80000 - 0x00007ffc69aab000 	C:\Program Files\Java\jdk1.8.0_261\jre\bin\java.dll
0x00007ffc65f80000 - 0x00007ffc65f98000 	C:\Program Files\Java\jdk1.8.0_261\jre\bin\zip.dll
0x00007ffc79390000 - 0x00007ffc79ad1000 	C:\WINDOWS\System32\SHELL32.dll
0x00007ffc76b80000 - 0x00007ffc77315000 	C:\WINDOWS\SYSTEM32\windows.storage.dll
0x00007ffc79ec0000 - 0x00007ffc7a215000 	C:\WINDOWS\System32\combase.dll
0x00007ffc783b0000 - 0x00007ffc783dc000 	C:\WINDOWS\SYSTEM32\Wldp.dll
0x00007ffc7a7f0000 - 0x00007ffc7a89e000 	C:\WINDOWS\System32\SHCORE.dll
0x00007ffc7a790000 - 0x00007ffc7a7e5000 	C:\WINDOWS\System32\shlwapi.dll
0x00007ffc78940000 - 0x00007ffc78966000 	C:\WINDOWS\SYSTEM32\profapi.dll
0x00007ffc78300000 - 0x00007ffc78318000 	C:\WINDOWS\SYSTEM32\CRYPTSP.dll
0x00007ffc77ac0000 - 0x00007ffc77af4000 	C:\WINDOWS\system32\rsaenh.dll
0x00007ffc78b70000 - 0x00007ffc78b97000 	C:\WINDOWS\System32\bcrypt.dll
0x00007ffc788c0000 - 0x00007ffc788ee000 	C:\WINDOWS\SYSTEM32\USERENV.dll
0x00007ffc790d0000 - 0x00007ffc7914f000 	C:\WINDOWS\System32\bcryptprimitives.dll
0x00007ffc78320000 - 0x00007ffc7832c000 	C:\WINDOWS\SYSTEM32\CRYPTBASE.dll
0x00007ffc65510000 - 0x00007ffc6552c000 	C:\Program Files\Java\jdk1.8.0_261\jre\bin\net.dll
0x00007ffc78130000 - 0x00007ffc7819a000 	C:\WINDOWS\system32\mswsock.dll
0x00007ffc77e20000 - 0x00007ffc77e5b000 	C:\WINDOWS\SYSTEM32\IPHLPAPI.DLL
0x00007ffc7a570000 - 0x00007ffc7a578000 	C:\WINDOWS\System32\NSI.dll
0x00007ffc71ec0000 - 0x00007ffc71ed7000 	C:\WINDOWS\SYSTEM32\dhcpcsvc6.DLL
0x00007ffc71ea0000 - 0x00007ffc71ebd000 	C:\WINDOWS\SYSTEM32\dhcpcsvc.DLL
0x00007ffc77e60000 - 0x00007ffc77f2b000 	C:\WINDOWS\SYSTEM32\DNSAPI.dll
0x00007ffc650e0000 - 0x00007ffc650f3000 	C:\Program Files\Java\jdk1.8.0_261\jre\bin\nio.dll
0x00007ffc723d0000 - 0x00007ffc723da000 	C:\Users\Angie\AppData\Local\Temp\jansi-1.17.1-7565035810422550767.dll
0x00007ffc69b30000 - 0x00007ffc69b3d000 	C:\Program Files\Java\jdk1.8.0_261\jre\bin\management.dll
0x00007ffc68030000 - 0x00007ffc68047000 	C:\WINDOWS\system32\napinsp.dll
0x00007ffc67a60000 - 0x00007ffc67a7b000 	C:\WINDOWS\system32\pnrpnsp.dll
0x00007ffc67a40000 - 0x00007ffc67a55000 	C:\WINDOWS\system32\wshbth.dll
0x00007ffc744f0000 - 0x00007ffc7450d000 	C:\WINDOWS\system32\NLAapi.dll
0x00007ffc67a20000 - 0x00007ffc67a32000 	C:\WINDOWS\System32\winrnr.dll
0x0000000056780000 - 0x000000005678a000 	C:\Program Files\National Instruments\Shared\mDNS Responder\nimdnsNSP.dll
0x0000000056770000 - 0x0000000056780000 	C:\WINDOWS\SYSTEM32\nimdnsResponder.dll
0x00007ffc6d480000 - 0x00007ffc6d48a000 	C:\Windows\System32\rasadhlp.dll
0x00007ffc6d300000 - 0x00007ffc6d37f000 	C:\WINDOWS\System32\fwpuclnt.dll
0x00007ffc6be90000 - 0x00007ffc6c074000 	C:\WINDOWS\SYSTEM32\dbghelp.dll

VM Arguments:
jvm_args: -Dmaven.home=EMBEDDED -Dclassworlds.conf=C:\Users\Angie\Documents\workspace-sts-3.9.11.RELEASE\.metadata\.plugins\org.eclipse.m2e.launching\launches\m2conf7540064753049171358.tmp -Dmaven.multiModuleProjectDirectory=C:\Users\Angie\git\repository\Comidas -Djansi.force=true -Djansi.passthrough=true -Dfile.encoding=Cp1252 
java_command: org.codehaus.plexus.classworlds.launcher.Launcher -Ppom.xml -B install -Dstyle.color=always
java_class_path (initial): C:\Program Files\sts-bundle\sts-3.9.11.RELEASE\plugins\org.eclipse.m2e.maven.runtime_1.13.0.20190716-1623\jars\plexus-classworlds-2.6.0.jar
Launcher Type: SUN_STANDARD

Environment Variables:
JAVA_HOME=C:\Program Files\Java\jdk-11.0.8
PATH=C:/Program Files/Java/jre1.8.0_261/bin/server;C:/Program Files/Java/jre1.8.0_261/bin;C:/Program Files/Java/jre1.8.0_261/lib/amd64;C:\Program Files\Common Files\Oracle\Java\javapath;C:\Program Files (x86)\Common Files\Intel\Shared Libraries\redist\intel64\compiler;C:\Program Files (x86)\Common Files\Oracle\Java\javapath;C:\WINDOWS\system32;C:\WINDOWS;C:\WINDOWS\System32\Wbem;C:\WINDOWS\System32\WindowsPowerShell\v1.0\;C:\WINDOWS\System32\OpenSSH\;C:\Program Files\Git\cmd;C:\sonarqube-5.0.1\sonarqube-5.0.1\bin\windows-x86-64;C:\Program Files\nodejs\;C:\Program Files (x86)\IVI Foundation\VISA\WinNT\Bin\;C:\Program Files\IVI Foundation\VISA\Win64\Bin\;C:\Program Files (x86)\IVI Foundation\VISA\WinNT\Bin;C:\Program Files\MATLAB\R2020b\runtime\win64;C:\Program Files\MATLAB\R2020b\bin;C:\Users\Angie\AppData\Local\Programs\Python\Python38-32\Scripts\;C:\Users\Angie\AppData\Local\Programs\Python\Python38-32\;C:\Users\Angie\AppData\Local\Microsoft\WindowsApps;C:\Users\Angie\AppData\Local\Programs\Microsoft VS Code\bin;C:\Users\Angie\AppData\Roaming\npm;C:\Program Files\apache-maven-3.6.3\bin;;C:\Program Files\sts-bundle\sts-3.9.11.RELEASE;
USERNAME=USUARIO
OS=Windows_NT
PROCESSOR_IDENTIFIER=AMD64 Family 23 Model 24 Stepping 1, AuthenticAMD



---------------  S Y S T E M  ---------------

OS: Windows 10.0 , 64 bit Build 19041 (10.0.19041.546)

CPU:total 6 (initial active 6) (8 cores per cpu, 1 threads per core) family 23 model 24 stepping 1, cmov, cx8, fxsr, mmx, sse, sse2, sse3, ssse3, sse4.1, sse4.2, popcnt, avx, avx2, aes, clmul, mmxext, 3dnowpref, lzcnt, sse4a, tsc, tscinvbit, tscinv, bmi1

Memory: 4k page, physical 7738888k(1017240k free), swap 9687560k(8672k free)

vm_info: Java HotSpot(TM) 64-Bit Server VM (25.261-b12) for windows-amd64 JRE (1.8.0_261-b12), built on Jun 18 2020 06:56:32 by "" with unknown MS VC++:1916

time: Fri Nov 20 23:39:04 2020
timezone: Hora est. Pacífico, Sudamérica
elapsed time: 11 seconds (0d 0h 0m 11s)

