#
# There is insufficient memory for the Java Runtime Environment to continue.
# Native memory allocation (malloc) failed to allocate 1139168 bytes for Chunk::new
# Possible reasons:
#   The system is out of physical RAM or swap space
#   The process is running with CompressedOops enabled, and the Java Heap may be blocking the growth of the native heap
# Possible solutions:
#   Reduce memory load on the system
#   Increase physical memory or swap space
#   Check if swap backing store is full
#   Decrease Java heap size (-Xmx/-Xms)
#   Decrease number of Java threads
#   Decrease Java thread stack sizes (-Xss)
#   Set larger code cache with -XX:ReservedCodeCacheSize=
#   JVM is running with Unscaled Compressed Oops mode in which the Java heap is
#     placed in the first 4GB address space. The Java Heap base address is the
#     maximum limit for the native heap growth. Please use -XX:HeapBaseMinAddress
#     to set the Java Heap base and to place the Java Heap above 4GB virtual address.
# This output file may be truncated or incomplete.
#
#  Out of Memory Error (allocation.cpp:389), pid=11828, tid=0x00000000000004e0
#
# JRE version: Java(TM) SE Runtime Environment (8.0_261-b12) (build 1.8.0_261-b12)
# Java VM: Java HotSpot(TM) 64-Bit Server VM (25.261-b12 mixed mode windows-amd64 compressed oops)
# Failed to write core dump. Minidumps are not enabled by default on client versions of Windows
#

---------------  T H R E A D  ---------------

Current thread (0x00000218dd936000):  JavaThread "C2 CompilerThread0" daemon [_thread_in_native, id=1248, stack(0x0000006021a00000,0x0000006021b00000)]

Stack: [0x0000006021a00000,0x0000006021b00000]
Native frames: (J=compiled Java code, j=interpreted, Vv=VM code, C=native code)
V  [jvm.dll+0x33e5f9]
V  [jvm.dll+0x2850e2]
V  [jvm.dll+0x285d8d]
V  [jvm.dll+0x27c895]
V  [jvm.dll+0xe4d6c]
V  [jvm.dll+0xe556c]
V  [jvm.dll+0x47ed35]
V  [jvm.dll+0x446ab8]
V  [jvm.dll+0x44f8f5]
V  [jvm.dll+0x44ecb5]
V  [jvm.dll+0x439bc7]
V  [jvm.dll+0xbbbcb]
V  [jvm.dll+0xba22b]
V  [jvm.dll+0x24d962]
V  [jvm.dll+0x2a1cfc]
C  [ucrtbase.dll+0x214c2]
C  [KERNEL32.DLL+0x17034]
C  [ntdll.dll+0x4cec1]


Current CompileTask:
C2:   8610 5167       4       java.net.URLClassLoader$1::run (5 bytes)


---------------  P R O C E S S  ---------------

Java Threads: ( => current thread )
  0x00000218e1575000 JavaThread "Unknown thread" [_thread_blocked, id=524, stack(0x0000006022600000,0x0000006022700000)]
  0x00000218df511000 JavaThread "Unknown thread" [_thread_blocked, id=11776, stack(0x0000006022500000,0x0000006022600000)]
  0x00000218deba6800 JavaThread "Unknown thread" [_thread_blocked, id=12488, stack(0x0000006022400000,0x0000006022500000)]
  0x00000218e3193000 
[error occurred during error reporting (printing all threads), id 0xc0000005]

VM state:at safepoint (normal execution)

VM Mutex/Monitor currently owned by a thread:  ([mutex/lock_event])
[0x00000218c73acf30] Threads_lock - owner thread: 0x00000218dd8f7000
[0x00000218c73adb40] Heap_lock - owner thread: 0x00000218c73b1000

heap address: 0x0000000089e00000, size: 1890 MB, Compressed Oops mode: 32-bit
Narrow klass base: 0x0000000000000000, Narrow klass shift: 3
Compressed class space size: 1073741824 Address: 0x0000000100000000

Heap:
 PSYoungGen      total 338944K, used 14678K [0x00000000d8a00000, 0x00000000ee980000, 0x0000000100000000)
  eden space 323072K, 0% used [0x00000000d8a00000,0x00000000d8a00000,0x00000000ec580000)
  from space 15872K, 92% used [0x00000000eca80000,0x00000000ed8d5828,0x00000000eda00000)
  to   space 12288K, 0% used [0x00000000edd80000,0x00000000edd80000,0x00000000ee980000)
 ParOldGen       total 61952K, used 28654K [0x0000000089e00000, 0x000000008da80000, 0x00000000d8a00000)
  object space 61952K, 46% used [0x0000000089e00000,0x000000008b9fbac0,0x000000008da80000)
 Metaspace       used 57268K, capacity 60008K, committed 60080K, reserved 1101824K
  class space    used 8029K, capacity 8506K, committed 8576K, reserved 1048576K

Card table byte_map: [0x00000218d8150000,0x00000218d8510000] byte_map_base: 0x00000218d7d01000

Marking Bits: (ParMarkBitMap*) 0x000000006e1b4fb0
 Begin Bits: [0x00000218d8790000, 0x00000218da518000)
 End Bits:   [0x00000218da518000, 0x00000218dc2a0000)

Polling page: 0x00000218c75a0000

CodeCache: size=245760Kb used=16080Kb max_used=16080Kb free=229679Kb
 bounds [0x00000218c8d90000, 0x00000218c9d60000, 0x00000218d7d90000]
 total_blobs=5276 nmethods=4757 adapters=429
 compilation: enabled

Compilation events (10 events):
Event: 8.502 Thread 0x00000218dd940800 nmethod 5312 0x00000218c9d459d0 code [0x00000218c9d45b20, 0x00000218c9d45c98]
Event: 8.504 Thread 0x00000218dd940800 5313       2       java.util.concurrent.ConcurrentHashMap::entrySet (27 bytes)
Event: 8.504 Thread 0x00000218dd940800 nmethod 5313 0x00000218c9d45d10 code [0x00000218c9d45e60, 0x00000218c9d46038]
Event: 8.504 Thread 0x00000218dd940800 5314       2       java.util.concurrent.ConcurrentHashMap$EntrySetView::iterator (34 bytes)
Event: 8.504 Thread 0x00000218dd940800 nmethod 5314 0x00000218c9d460d0 code [0x00000218c9d46240, 0x00000218c9d464c0]
Event: 8.512 Thread 0x00000218dd940800 5315       2       sun.reflect.generics.tree.TypeVariableSignature::accept (8 bytes)
Event: 8.512 Thread 0x00000218dd940800 nmethod 5315 0x00000218c9d46b50 code [0x00000218c9d46cc0, 0x00000218c9d46f10]
Event: 8.512 Thread 0x00000218dd940800 5316       2       sun.reflect.generics.visitor.Reifier::visitTypeVariableSignature (18 bytes)
Event: 8.512 Thread 0x00000218dd940800 nmethod 5316 0x00000218c9d51dd0 code [0x00000218c9d51f40, 0x00000218c9d52150]
Event: 8.523 Thread 0x00000218dd940800 5318  s!   2       java.lang.ClassLoader::initSystemClassLoader (109 bytes)

GC Heap History (10 events):
Event: 3.827 GC heap after
Heap after GC invocations=9 (full 1):
 PSYoungGen      total 235008K, used 9212K [0x00000000d8a00000, 0x00000000e7d80000, 0x0000000100000000)
  eden space 225792K, 0% used [0x00000000d8a00000,0x00000000d8a00000,0x00000000e6680000)
  from space 9216K, 99% used [0x00000000e7300000,0x00000000e7bff158,0x00000000e7c00000)
  to   space 11776K, 0% used [0x00000000e6680000,0x00000000e6680000,0x00000000e7200000)
 ParOldGen       total 41984K, used 10701K [0x0000000089e00000, 0x000000008c700000, 0x00000000d8a00000)
  object space 41984K, 25% used [0x0000000089e00000,0x000000008a873558,0x000000008c700000)
 Metaspace       used 30996K, capacity 32864K, committed 33024K, reserved 1077248K
  class space    used 4148K, capacity 4488K, committed 4608K, reserved 1048576K
}
Event: 4.625 GC heap before
{Heap before GC invocations=10 (full 1):
 PSYoungGen      total 235008K, used 85622K [0x00000000d8a00000, 0x00000000e7d80000, 0x0000000100000000)
  eden space 225792K, 33% used [0x00000000d8a00000,0x00000000dd49ea90,0x00000000e6680000)
  from space 9216K, 99% used [0x00000000e7300000,0x00000000e7bff158,0x00000000e7c00000)
  to   space 11776K, 0% used [0x00000000e6680000,0x00000000e6680000,0x00000000e7200000)
 ParOldGen       total 41984K, used 10701K [0x0000000089e00000, 0x000000008c700000, 0x00000000d8a00000)
  object space 41984K, 25% used [0x0000000089e00000,0x000000008a873558,0x000000008c700000)
 Metaspace       used 33906K, capacity 35918K, committed 36048K, reserved 1081344K
  class space    used 4543K, capacity 4919K, committed 4992K, reserved 1048576K
Event: 4.638 GC heap after
Heap after GC invocations=10 (full 1):
 PSYoungGen      total 237568K, used 9942K [0x00000000d8a00000, 0x00000000ee980000, 0x0000000100000000)
  eden space 225792K, 0% used [0x00000000d8a00000,0x00000000d8a00000,0x00000000e6680000)
  from space 11776K, 84% used [0x00000000e6680000,0x00000000e7035980,0x00000000e7200000)
  to   space 12288K, 0% used [0x00000000edd80000,0x00000000edd80000,0x00000000ee980000)
 ParOldGen       total 41984K, used 10709K [0x0000000089e00000, 0x000000008c700000, 0x00000000d8a00000)
  object space 41984K, 25% used [0x0000000089e00000,0x000000008a875558,0x000000008c700000)
 Metaspace       used 33906K, capacity 35918K, committed 36048K, reserved 1081344K
  class space    used 4543K, capacity 4919K, committed 4992K, reserved 1048576K
}
Event: 4.638 GC heap before
{Heap before GC invocations=11 (full 2):
 PSYoungGen      total 237568K, used 9942K [0x00000000d8a00000, 0x00000000ee980000, 0x0000000100000000)
  eden space 225792K, 0% used [0x00000000d8a00000,0x00000000d8a00000,0x00000000e6680000)
  from space 11776K, 84% used [0x00000000e6680000,0x00000000e7035980,0x00000000e7200000)
  to   space 12288K, 0% used [0x00000000edd80000,0x00000000edd80000,0x00000000ee980000)
 ParOldGen       total 41984K, used 10709K [0x0000000089e00000, 0x000000008c700000, 0x00000000d8a00000)
  object space 41984K, 25% used [0x0000000089e00000,0x000000008a875558,0x000000008c700000)
 Metaspace       used 33906K, capacity 35918K, committed 36048K, reserved 1081344K
  class space    used 4543K, capacity 4919K, committed 4992K, reserved 1048576K
Event: 4.685 GC heap after
Heap after GC invocations=11 (full 2):
 PSYoungGen      total 237568K, used 0K [0x00000000d8a00000, 0x00000000ee980000, 0x0000000100000000)
  eden space 225792K, 0% used [0x00000000d8a00000,0x00000000d8a00000,0x00000000e6680000)
  from space 11776K, 0% used [0x00000000e6680000,0x00000000e6680000,0x00000000e7200000)
  to   space 12288K, 0% used [0x00000000edd80000,0x00000000edd80000,0x00000000ee980000)
 ParOldGen       total 61952K, used 15336K [0x0000000089e00000, 0x000000008da80000, 0x00000000d8a00000)
  object space 61952K, 24% used [0x0000000089e00000,0x000000008acfa1a0,0x000000008da80000)
 Metaspace       used 33906K, capacity 35918K, committed 36048K, reserved 1081344K
  class space    used 4543K, capacity 4919K, committed 4992K, reserved 1048576K
}
Event: 6.816 GC heap before
{Heap before GC invocations=12 (full 2):
 PSYoungGen      total 237568K, used 225792K [0x00000000d8a00000, 0x00000000ee980000, 0x0000000100000000)
  eden space 225792K, 100% used [0x00000000d8a00000,0x00000000e6680000,0x00000000e6680000)
  from space 11776K, 0% used [0x00000000e6680000,0x00000000e6680000,0x00000000e7200000)
  to   space 12288K, 0% used [0x00000000edd80000,0x00000000edd80000,0x00000000ee980000)
 ParOldGen       total 61952K, used 15336K [0x0000000089e00000, 0x000000008da80000, 0x00000000d8a00000)
  object space 61952K, 24% used [0x0000000089e00000,0x000000008acfa1a0,0x000000008da80000)
 Metaspace       used 47174K, capacity 49612K, committed 49920K, reserved 1091584K
  class space    used 6457K, capacity 6884K, committed 6912K, reserved 1048576K
Event: 6.840 GC heap after
Heap after GC invocations=12 (full 2):
 PSYoungGen      total 335360K, used 12286K [0x00000000d8a00000, 0x00000000ee980000, 0x0000000100000000)
  eden space 323072K, 0% used [0x00000000d8a00000,0x00000000d8a00000,0x00000000ec580000)
  from space 12288K, 99% used [0x00000000edd80000,0x00000000ee97fbc8,0x00000000ee980000)
  to   space 15872K, 0% used [0x00000000eca80000,0x00000000eca80000,0x00000000eda00000)
 ParOldGen       total 61952K, used 21012K [0x0000000089e00000, 0x000000008da80000, 0x00000000d8a00000)
  object space 61952K, 33% used [0x0000000089e00000,0x000000008b2850e0,0x000000008da80000)
 Metaspace       used 47174K, capacity 49612K, committed 49920K, reserved 1091584K
  class space    used 6457K, capacity 6884K, committed 6912K, reserved 1048576K
}
Event: 8.524 GC heap before
{Heap before GC invocations=13 (full 2):
 PSYoungGen      total 335360K, used 234954K [0x00000000d8a00000, 0x00000000ee980000, 0x0000000100000000)
  eden space 323072K, 68% used [0x00000000d8a00000,0x00000000e6372f98,0x00000000ec580000)
  from space 12288K, 99% used [0x00000000edd80000,0x00000000ee97fbc8,0x00000000ee980000)
  to   space 15872K, 0% used [0x00000000eca80000,0x00000000eca80000,0x00000000eda00000)
 ParOldGen       total 61952K, used 21012K [0x0000000089e00000, 0x000000008da80000, 0x00000000d8a00000)
  object space 61952K, 33% used [0x0000000089e00000,0x000000008b2850e0,0x000000008da80000)
 Metaspace       used 57268K, capacity 60008K, committed 60080K, reserved 1101824K
  class space    used 8029K, capacity 8506K, committed 8576K, reserved 1048576K
Event: 8.553 GC heap after
Heap after GC invocations=13 (full 2):
 PSYoungGen      total 338944K, used 14678K [0x00000000d8a00000, 0x00000000ee980000, 0x0000000100000000)
  eden space 323072K, 0% used [0x00000000d8a00000,0x00000000d8a00000,0x00000000ec580000)
  from space 15872K, 92% used [0x00000000eca80000,0x00000000ed8d5828,0x00000000eda00000)
  to   space 12288K, 0% used [0x00000000edd80000,0x00000000edd80000,0x00000000ee980000)
 ParOldGen       total 61952K, used 28654K [0x0000000089e00000, 0x000000008da80000, 0x00000000d8a00000)
  object space 61952K, 46% used [0x0000000089e00000,0x000000008b9fbac0,0x000000008da80000)
 Metaspace       used 57268K, capacity 60008K, committed 60080K, reserved 1101824K
  class space    used 8029K, capacity 8506K, committed 8576K, reserved 1048576K
}
Event: 8.553 GC heap before
{Heap before GC invocations=14 (full 3):
 PSYoungGen      total 338944K, used 14678K [0x00000000d8a00000, 0x00000000ee980000, 0x0000000100000000)
  eden space 323072K, 0% used [0x00000000d8a00000,0x00000000d8a00000,0x00000000ec580000)
  from space 15872K, 92% used [0x00000000eca80000,0x00000000ed8d5828,0x00000000eda00000)
  to   space 12288K, 0% used [0x00000000edd80000,0x00000000edd80000,0x00000000ee980000)
 ParOldGen       total 61952K, used 28654K [0x0000000089e00000, 0x000000008da80000, 0x00000000d8a00000)
  object space 61952K, 46% used [0x0000000089e00000,0x000000008b9fbac0,0x000000008da80000)
 Metaspace       used 57268K, capacity 60008K, committed 60080K, reserved 1101824K
  class space    used 8029K, capacity 8506K, committed 8576K, reserved 1048576K

Deoptimization events (10 events):
Event: 7.122 Thread 0x00000218c73b1000 Uncommon trap: reason=unstable_if action=reinterpret pc=0x00000218c95a0968 method=org.springframework.core.annotation.AnnotationsScanner.processClassInheritedAnnotations(Ljava/lang/Object;Ljava/lang/Class;Lorg/springframework/core/annotation/MergedAnnotat
Event: 7.177 Thread 0x00000218c73b1000 Uncommon trap: reason=unstable_if action=reinterpret pc=0x00000218c9a02cc8 method=java.util.WeakHashMap.put(Ljava/lang/Object;Ljava/lang/Object;)Ljava/lang/Object; @ 47
Event: 7.437 Thread 0x00000218c73b1000 Uncommon trap: reason=unstable_if action=reinterpret pc=0x00000218c9b97cd0 method=org.springframework.core.annotation.AnnotationsScanner.processClassHierarchy(Ljava/lang/Object;[ILjava/lang/Class;Lorg/springframework/core/annotation/AnnotationsProcessor;L
Event: 7.442 Thread 0x00000218e32d6000 Uncommon trap: reason=unstable_if action=reinterpret pc=0x00000218c981a0f0 method=sun.reflect.Reflection.filter([Ljava/lang/reflect/Member;[Ljava/lang/String;)[Ljava/lang/reflect/Member; @ 1
Event: 8.420 Thread 0x00000218c73b1000 Uncommon trap: reason=unstable_if action=reinterpret pc=0x00000218c93114bc method=java.io.WinNTFileSystem.isLetter(C)Z @ 3
Event: 8.426 Thread 0x00000218c73b1000 Uncommon trap: reason=unstable_if action=reinterpret pc=0x00000218c9cb0ff4 method=java.io.WinNTFileSystem.resolve(Ljava/lang/String;Ljava/lang/String;)Ljava/lang/String; @ 117
Event: 8.496 Thread 0x00000218c73b1000 Uncommon trap: reason=class_check action=maybe_recompile pc=0x00000218c9259a44 method=org.springframework.boot.context.properties.source.ConfigurationPropertyName$Elements.charAt(II)C @ 43
Event: 8.496 Thread 0x00000218c73b1000 Uncommon trap: reason=class_check action=maybe_recompile pc=0x00000218c9259a44 method=org.springframework.boot.context.properties.source.ConfigurationPropertyName$Elements.charAt(II)C @ 43
Event: 8.496 Thread 0x00000218c73b1000 Uncommon trap: reason=class_check action=maybe_recompile pc=0x00000218c9259a44 method=org.springframework.boot.context.properties.source.ConfigurationPropertyName$Elements.charAt(II)C @ 43
Event: 8.515 Thread 0x00000218c73b1000 Uncommon trap: reason=unstable_if action=reinterpret pc=0x00000218c9109bbc method=org.springframework.util.ReflectionUtils.findMethod(Ljava/lang/Class;Ljava/lang/String;[Ljava/lang/Class;)Ljava/lang/reflect/Method; @ 15

Classes redefined (0 events):
No events

Internal exceptions (10 events):
Event: 8.506 Thread 0x00000218c73b1000 Exception <a 'java/lang/ClassNotFoundException': java/lang/ObjectCustomizer> (0x00000000e5faaa98) thrown at [C:\jenkins\workspace\8-2-build-windows-amd64-cygwin\jdk8u261\295\hotspot\src\share\vm\classfile\systemDictionary.cpp, line 210]
Event: 8.507 Thread 0x00000218c73b1000 Exception <a 'java/lang/ClassNotFoundException': org/springframework/boot/autoconfigure/web/embedded/TomcatWebServerFactoryCustomizerCustomizer> (0x00000000e5fdec58) thrown at [C:\jenkins\workspace\8-2-build-windows-amd64-cygwin\jdk8u261\295\hotspot\src\s
Event: 8.507 Thread 0x00000218c73b1000 Exception <a 'java/lang/ClassNotFoundException': org/springframework/boot/web/server/WebServerFactoryCustomizerCustomizer> (0x00000000e600d0b0) thrown at [C:\jenkins\workspace\8-2-build-windows-amd64-cygwin\jdk8u261\295\hotspot\src\share\vm\classfile\syst
Event: 8.508 Thread 0x00000218c73b1000 Exception <a 'java/lang/ClassNotFoundException': org/springframework/core/OrderedCustomizer> (0x00000000e6029258) thrown at [C:\jenkins\workspace\8-2-build-windows-amd64-cygwin\jdk8u261\295\hotspot\src\share\vm\classfile\systemDictionary.cpp, line 210]
Event: 8.509 Thread 0x00000218c73b1000 Exception <a 'java/lang/ClassNotFoundException': java/lang/ObjectCustomizer> (0x00000000e605e1f8) thrown at [C:\jenkins\workspace\8-2-build-windows-amd64-cygwin\jdk8u261\295\hotspot\src\share\vm\classfile\systemDictionary.cpp, line 210]
Event: 8.510 Thread 0x00000218c73b1000 Exception <a 'java/lang/ClassNotFoundException': org/springframework/boot/autoconfigure/web/servlet/HttpEncodingAutoConfigurationCustomizer> (0x00000000e6090270) thrown at [C:\jenkins\workspace\8-2-build-windows-amd64-cygwin\jdk8u261\295\hotspot\src\share
Event: 8.511 Thread 0x00000218c73b1000 Exception <a 'java/lang/ClassNotFoundException': java/lang/ObjectCustomizer> (0x00000000e60a4aa0) thrown at [C:\jenkins\workspace\8-2-build-windows-amd64-cygwin\jdk8u261\295\hotspot\src\share\vm\classfile\systemDictionary.cpp, line 210]
Event: 8.512 Thread 0x00000218c73b1000 Exception <a 'java/lang/ClassNotFoundException': org/springframework/boot/autoconfigure/web/servlet/HttpEncodingAutoConfiguration$LocaleCharsetMappingsCustomizerCustomizer> (0x00000000e60e3658) thrown at [C:\jenkins\workspace\8-2-build-windows-amd64-cygwi
Event: 8.513 Thread 0x00000218c73b1000 Exception <a 'java/lang/ClassNotFoundException': org/springframework/boot/web/server/WebServerFactoryCustomizerCustomizer> (0x00000000e61130f0) thrown at [C:\jenkins\workspace\8-2-build-windows-amd64-cygwin\jdk8u261\295\hotspot\src\share\vm\classfile\syst
Event: 8.514 Thread 0x00000218c73b1000 Exception <a 'java/lang/ClassNotFoundException': org/springframework/core/OrderedCustomizer> (0x00000000e612f298) thrown at [C:\jenkins\workspace\8-2-build-windows-amd64-cygwin\jdk8u261\295\hotspot\src\share\vm\classfile\systemDictionary.cpp, line 210]

Events (10 events):
Event: 8.523 loading class org/springframework/boot/web/servlet/server/ConfigurableServletWebServerFactory done
Event: 8.523 loading class org/springframework/boot/autoconfigure/web/ServerProperties
Event: 8.523 loading class org/springframework/boot/autoconfigure/web/ServerProperties done
Event: 8.523 loading class org/springframework/boot/web/servlet/server/ConfigurableServletWebServerFactory
Event: 8.523 loading class org/springframework/boot/web/servlet/server/ConfigurableServletWebServerFactory done
Event: 8.523 loading class org/springframework/boot/autoconfigure/web/ServerProperties$Servlet
Event: 8.523 loading class org/springframework/boot/autoconfigure/web/ServerProperties$Servlet done
Event: 8.524 loading class org/springframework/boot/web/servlet/server/ConfigurableServletWebServerFactory
Event: 8.524 loading class org/springframework/boot/web/servlet/server/ConfigurableServletWebServerFactory done
Event: 8.524 Executing VM operation: CollectForMetadataAllocation


Dynamic libraries:
0x00007ff665970000 - 0x00007ff6659b7000 	C:\Program Files\Java\jdk1.8.0_261\jre\bin\java.exe
0x00007ff9aedb0000 - 0x00007ff9aefa6000 	C:\WINDOWS\SYSTEM32\ntdll.dll
0x00007ff9acff0000 - 0x00007ff9ad0ad000 	C:\WINDOWS\System32\KERNEL32.DLL
0x00007ff9ac990000 - 0x00007ff9acc58000 	C:\WINDOWS\System32\KERNELBASE.dll
0x00007ff9ae3e0000 - 0x00007ff9ae48c000 	C:\WINDOWS\System32\ADVAPI32.dll
0x00007ff9aea80000 - 0x00007ff9aeb1e000 	C:\WINDOWS\System32\msvcrt.dll
0x00007ff9ae1d0000 - 0x00007ff9ae26b000 	C:\WINDOWS\System32\sechost.dll
0x00007ff9ae670000 - 0x00007ff9ae794000 	C:\WINDOWS\System32\RPCRT4.dll
0x00007ff9aeba0000 - 0x00007ff9aed40000 	C:\WINDOWS\System32\USER32.dll
0x00007ff9ac960000 - 0x00007ff9ac982000 	C:\WINDOWS\System32\win32u.dll
0x00007ff9aea50000 - 0x00007ff9aea7a000 	C:\WINDOWS\System32\GDI32.dll
0x00007ff9acd00000 - 0x00007ff9ace09000 	C:\WINDOWS\System32\gdi32full.dll
0x00007ff9acc60000 - 0x00007ff9accfd000 	C:\WINDOWS\System32\msvcp_win.dll
0x00007ff9ac550000 - 0x00007ff9ac650000 	C:\WINDOWS\System32\ucrtbase.dll
0x00007ff99b450000 - 0x00007ff99b6eb000 	C:\WINDOWS\WinSxS\amd64_microsoft.windows.common-controls_6595b64144ccf1df_6.0.19041.488_none_ca04af081b815d21\COMCTL32.dll
0x00007ff9aed40000 - 0x00007ff9aed70000 	C:\WINDOWS\System32\IMM32.DLL
0x00007ff9a7fd0000 - 0x00007ff9a7fe5000 	C:\Program Files\Java\jdk1.8.0_261\jre\bin\vcruntime140.dll
0x00007ff9a57c0000 - 0x00007ff9a585b000 	C:\Program Files\Java\jdk1.8.0_261\jre\bin\msvcp140.dll
0x000000006d9c0000 - 0x000000006e22c000 	C:\Program Files\Java\jdk1.8.0_261\jre\bin\server\jvm.dll
0x00007ff9ae5b0000 - 0x00007ff9ae5b8000 	C:\WINDOWS\System32\PSAPI.DLL
0x00007ff9a2aa0000 - 0x00007ff9a2ac7000 	C:\WINDOWS\SYSTEM32\WINMM.dll
0x00007ff99c0c0000 - 0x00007ff99c0c9000 	C:\WINDOWS\SYSTEM32\WSOCK32.dll
0x00007ff9a3c00000 - 0x00007ff9a3c0a000 	C:\WINDOWS\SYSTEM32\VERSION.dll
0x00007ff9ae300000 - 0x00007ff9ae36b000 	C:\WINDOWS\System32\WS2_32.dll
0x00007ff9aa460000 - 0x00007ff9aa472000 	C:\WINDOWS\SYSTEM32\kernel.appcore.dll
0x00007ff9a7fc0000 - 0x00007ff9a7fd0000 	C:\Program Files\Java\jdk1.8.0_261\jre\bin\verify.dll
0x00007ff9a5b60000 - 0x00007ff9a5b8b000 	C:\Program Files\Java\jdk1.8.0_261\jre\bin\java.dll
0x00007ff9a7fa0000 - 0x00007ff9a7fb8000 	C:\Program Files\Java\jdk1.8.0_261\jre\bin\zip.dll
0x00007ff9ad950000 - 0x00007ff9ae091000 	C:\WINDOWS\System32\SHELL32.dll
0x00007ff9aa660000 - 0x00007ff9aadf5000 	C:\WINDOWS\SYSTEM32\windows.storage.dll
0x00007ff9ad5e0000 - 0x00007ff9ad935000 	C:\WINDOWS\System32\combase.dll
0x00007ff9abe90000 - 0x00007ff9abebc000 	C:\WINDOWS\SYSTEM32\Wldp.dll
0x00007ff9acf40000 - 0x00007ff9acfee000 	C:\WINDOWS\System32\SHCORE.dll
0x00007ff9ad110000 - 0x00007ff9ad165000 	C:\WINDOWS\System32\shlwapi.dll
0x00007ff9ac420000 - 0x00007ff9ac446000 	C:\WINDOWS\SYSTEM32\profapi.dll
0x00007ff9a5b50000 - 0x00007ff9a5b5d000 	C:\Program Files\Java\jdk1.8.0_261\jre\bin\management.dll
0x00007ff9a5a10000 - 0x00007ff9a5a2c000 	C:\Program Files\Java\jdk1.8.0_261\jre\bin\net.dll
0x00007ff9abc10000 - 0x00007ff9abc7a000 	C:\WINDOWS\system32\mswsock.dll
0x00007ff9a59f0000 - 0x00007ff9a5a03000 	C:\Program Files\Java\jdk1.8.0_261\jre\bin\nio.dll
0x00007ff99aa80000 - 0x00007ff99aa97000 	C:\WINDOWS\system32\napinsp.dll
0x00007ff99a4f0000 - 0x00007ff99a50b000 	C:\WINDOWS\system32\pnrpnsp.dll
0x00007ff99a2a0000 - 0x00007ff99a2b5000 	C:\WINDOWS\system32\wshbth.dll
0x00007ff9a7f80000 - 0x00007ff9a7f9d000 	C:\WINDOWS\system32\NLAapi.dll
0x00007ff9ab900000 - 0x00007ff9ab93b000 	C:\WINDOWS\SYSTEM32\IPHLPAPI.DLL
0x00007ff9ab940000 - 0x00007ff9aba0b000 	C:\WINDOWS\SYSTEM32\DNSAPI.dll
0x00007ff9ad940000 - 0x00007ff9ad948000 	C:\WINDOWS\System32\NSI.dll
0x00007ff999ce0000 - 0x00007ff999cf2000 	C:\WINDOWS\System32\winrnr.dll
0x0000000070030000 - 0x000000007003a000 	C:\Program Files\National Instruments\Shared\mDNS Responder\nimdnsNSP.dll
0x0000000070020000 - 0x0000000070030000 	C:\WINDOWS\SYSTEM32\nimdnsResponder.dll
0x00007ff9a29d0000 - 0x00007ff9a29da000 	C:\Windows\System32\rasadhlp.dll
0x00007ff9a1480000 - 0x00007ff9a14ff000 	C:\WINDOWS\System32\fwpuclnt.dll
0x00007ff9ac860000 - 0x00007ff9ac887000 	C:\WINDOWS\System32\bcrypt.dll
0x00007ff9abde0000 - 0x00007ff9abdf8000 	C:\WINDOWS\SYSTEM32\CRYPTSP.dll
0x00007ff9ab5a0000 - 0x00007ff9ab5d4000 	C:\WINDOWS\system32\rsaenh.dll
0x00007ff9ac3a0000 - 0x00007ff9ac3ce000 	C:\WINDOWS\SYSTEM32\USERENV.dll
0x00007ff9ac8e0000 - 0x00007ff9ac95f000 	C:\WINDOWS\System32\bcryptprimitives.dll
0x00007ff9abe00000 - 0x00007ff9abe0c000 	C:\WINDOWS\SYSTEM32\CRYPTBASE.dll
0x00007ff9a6040000 - 0x00007ff9a6057000 	C:\WINDOWS\SYSTEM32\dhcpcsvc6.DLL
0x00007ff9a5e00000 - 0x00007ff9a5e1d000 	C:\WINDOWS\SYSTEM32\dhcpcsvc.DLL
0x00007ff99f1a0000 - 0x00007ff99f384000 	C:\WINDOWS\SYSTEM32\dbghelp.dll

VM Arguments:
java_command: C:\Users\Angie\AppData\Local\Temp\surefire8268222237076412618\surefirebooter4997874221747359335.jar C:\Users\Angie\AppData\Local\Temp\surefire8268222237076412618 2020-11-14T22-41-00_345-jvmRun1 surefire4727350358266505312tmp surefire_04982625356587445019tmp
java_class_path (initial): C:\Users\Angie\AppData\Local\Temp\surefire8268222237076412618\surefirebooter4997874221747359335.jar
Launcher Type: SUN_STANDARD

Environment Variables:
JAVA_HOME=C:\Program Files\Java\jdk-11.0.8
PATH=C:/Program Files/Java/jre1.8.0_261/bin/server;C:/Program Files/Java/jre1.8.0_261/bin;C:/Program Files/Java/jre1.8.0_261/lib/amd64;C:\Program Files\Common Files\Oracle\Java\javapath;C:\Program Files (x86)\Common Files\Intel\Shared Libraries\redist\intel64\compiler;C:\Program Files (x86)\Common Files\Oracle\Java\javapath;C:\WINDOWS\system32;C:\WINDOWS;C:\WINDOWS\System32\Wbem;C:\WINDOWS\System32\WindowsPowerShell\v1.0\;C:\WINDOWS\System32\OpenSSH\;C:\Program Files\Git\cmd;C:\sonarqube-5.0.1\sonarqube-5.0.1\bin\windows-x86-64;C:\Program Files\nodejs\;C:\Program Files (x86)\IVI Foundation\VISA\WinNT\Bin\;C:\Program Files\IVI Foundation\VISA\Win64\Bin\;C:\Program Files (x86)\IVI Foundation\VISA\WinNT\Bin;C:\Program Files\MATLAB\R2020b\runtime\win64;C:\Program Files\MATLAB\R2020b\bin;C:\Users\Angie\AppData\Local\Programs\Python\Python38-32\Scripts\;C:\Users\Angie\AppData\Local\Programs\Python\Python38-32\;C:\Users\Angie\AppData\Local\Microsoft\WindowsApps;C:\Users\Angie\AppData\Local\Programs\Microsoft VS Code\bin;C:\Users\Angie\AppData\Roaming\npm;C:\Program Files\apache-maven-3.6.3\bin;;C:\Program Files\sts-bundle\sts-3.9.11.RELEASE;
USERNAME=USUARIO
OS=Windows_NT
PROCESSOR_IDENTIFIER=AMD64 Family 23 Model 24 Stepping 1, AuthenticAMD



---------------  S Y S T E M  ---------------

OS: Windows 10.0 , 64 bit Build 19041 (10.0.19041.546)

CPU:total 6 (initial active 6) (8 cores per cpu, 1 threads per core) family 23 model 24 stepping 1, cmov, cx8, fxsr, mmx, sse, sse2, sse3, ssse3, sse4.1, sse4.2, popcnt, avx, avx2, aes, clmul, mmxext, 3dnowpref, lzcnt, sse4a, tsc, tscinvbit, tscinv, bmi1

Memory: 4k page, physical 7738888k(1164984k free), swap 9687560k(3180k free)

vm_info: Java HotSpot(TM) 64-Bit Server VM (25.261-b12) for windows-amd64 JRE (1.8.0_261-b12), built on Jun 18 2020 06:56:32 by "" with unknown MS VC++:1916

time: Sat Nov 14 22:41:09 2020
timezone: Hora est. Pacífico, Sudamérica
elapsed time: 8 seconds (0d 0h 0m 8s)

